1772295886.0772295 [INFO] [launch]: All log files can be found below /home/telemaque/ros_ws/drone/.ros/log/2026-02-28-17-24-46-076221-telemaque-Aspire-AV14-51-105617
1772295886.0773544 [INFO] [launch]: Default logging verbosity is set to INFO
1772295886.4543347 [INFO] [gz-1]: process started with pid [105647]
1772295891.4592321 [INFO] [gz-2]: process started with pid [105701]
1772295891.7833862 [INFO] [gz-2]: process has finished cleanly [pid 105701]
1772295894.4743946 [INFO] [parameter_bridge-3]: process started with pid [105726]
1772295894.4747422 [INFO] [robot_state_publisher-4]: process started with pid [105728]
1772295894.4748518 [INFO] [robot_state_publisher-5]: process started with pid [105730]
1772295895.4824181 [INFO] [gz-6]: process started with pid [105778]
1772295896.2300954 [INFO] [gz-6]: process has finished cleanly [pid 105778]
1772295896.4662106 [INFO] [xrce_agent_port8888-7]: process started with pid [105788]
1772295896.4666409 [INFO] [xrce_agent_port8889-8]: process started with pid [105790]
1772295896.4668314 [INFO] [px4_d1-9]: process started with pid [105792]
1772295896.4726489 [INFO] [xrce_agent_port8889-8]: process has finished cleanly [pid 105790]
1772295898.4821422 [INFO] [lidar_enricher.py-10]: process started with pid [105978]
1772295898.4823787 [INFO] [lio_sam_imuPreintegration-11]: process started with pid [105980]
1772295898.4824944 [INFO] [lio_sam_imageProjection-12]: process started with pid [105982]
1772295898.4825754 [INFO] [lio_sam_featureExtraction-13]: process started with pid [105984]
1772295898.4826465 [INFO] [lio_sam_mapOptimization-14]: process started with pid [105986]
1772295898.4827101 [INFO] [lidar_enricher.py-15]: process started with pid [105988]
1772295898.4827790 [INFO] [lio_sam_imuPreintegration-16]: process started with pid [105990]
1772295898.4828544 [INFO] [lio_sam_imageProjection-17]: process started with pid [105992]
1772295898.4829183 [INFO] [lio_sam_featureExtraction-18]: process started with pid [105994]
1772295898.4829819 [INFO] [lio_sam_mapOptimization-19]: process started with pid [105996]
1772295898.4830441 [INFO] [gcs_heartbeat-20]: process started with pid [105998]
1772295901.8802662 [INFO] [octomap_server_node-21]: process started with pid [106197]
1772295901.8804982 [INFO] [octomap_server_node-22]: process started with pid [106201]
1772295901.8806169 [INFO] [aruco_detector-23]: process started with pid [106203]
1772295901.8807163 [INFO] [aruco_detector-24]: process started with pid [106205]
1772295901.8813217 [INFO] [px4_d2-25]: process started with pid [106207]
1772295903.6568377 [INFO] [frontier_detector-26]: process started with pid [106315]
1772295903.6570032 [INFO] [frontier_detector-27]: process started with pid [106317]
1772295916.4762745 [INFO] [visual_odom_bridge-28]: process started with pid [106788]
1772295916.4764597 [INFO] [visual_odom_bridge-29]: process started with pid [106790]
1772295916.4765799 [INFO] [offboard_controller-30]: process started with pid [106792]
1772295916.4766858 [INFO] [offboard_controller-31]: process started with pid [106794]
1772295919.6713245 [INFO] [exploration_planner-32]: process started with pid [106955]
1772295919.6715145 [INFO] [exploration_planner-33]: process started with pid [106957]
1772295919.6716068 [INFO] [drone_coordinator-34]: process started with pid [106960]
1772295919.6716785 [INFO] [poi_manager-35]: process started with pid [106963]
