1772295611.6344526 [INFO] [launch]: All log files can be found below /home/telemaque/ros_ws/drone/.ros/log/2026-02-28-17-20-11-633717-telemaque-Aspire-AV14-51-102410
1772295611.6345582 [INFO] [launch]: Default logging verbosity is set to INFO
1772295611.9388556 [INFO] [gz-1]: process started with pid [102451]
1772295616.9434597 [INFO] [gz-2]: process started with pid [102498]
1772295617.2340136 [INFO] [gz-2]: process has finished cleanly [pid 102498]
1772295619.9590316 [INFO] [parameter_bridge-3]: process started with pid [102602]
1772295619.9594467 [INFO] [robot_state_publisher-4]: process started with pid [102604]
1772295619.9595745 [INFO] [robot_state_publisher-5]: process started with pid [102606]
1772295620.9475453 [INFO] [gz-6]: process started with pid [102642]
1772295621.2837467 [INFO] [gz-6]: process has finished cleanly [pid 102642]
1772295621.9528778 [INFO] [xrce_agent_port8888-7]: process started with pid [102675]
1772295621.9533739 [INFO] [xrce_agent_port8889-8]: process started with pid [102677]
1772295621.9536934 [INFO] [px4_d1-9]: process started with pid [102679]
1772295623.9755778 [INFO] [lidar_enricher.py-10]: process started with pid [102878]
1772295623.9757578 [INFO] [lio_sam_imuPreintegration-11]: process started with pid [102880]
1772295623.9758255 [INFO] [lio_sam_imageProjection-12]: process started with pid [102882]
1772295623.9758866 [INFO] [lio_sam_featureExtraction-13]: process started with pid [102884]
1772295623.9759336 [INFO] [lio_sam_mapOptimization-14]: process started with pid [102886]
1772295623.9759755 [INFO] [lidar_enricher.py-15]: process started with pid [102888]
1772295623.9760196 [INFO] [lio_sam_imuPreintegration-16]: process started with pid [102890]
1772295623.9761183 [INFO] [lio_sam_imageProjection-17]: process started with pid [102892]
1772295623.9761677 [INFO] [lio_sam_featureExtraction-18]: process started with pid [102894]
1772295623.9762182 [INFO] [lio_sam_mapOptimization-19]: process started with pid [102896]
1772295623.9762640 [INFO] [gcs_heartbeat-20]: process started with pid [102898]
1772295626.9805703 [INFO] [octomap_server_node-21]: process started with pid [103094]
1772295626.9808333 [INFO] [octomap_server_node-22]: process started with pid [103096]
1772295626.9809806 [INFO] [aruco_detector-23]: process started with pid [103098]
1772295626.9811032 [INFO] [aruco_detector-24]: process started with pid [103100]
1772295626.9818785 [INFO] [px4_d2-25]: process started with pid [103102]
1772295629.0079763 [INFO] [frontier_detector-26]: process started with pid [103395]
1772295629.0082009 [INFO] [frontier_detector-27]: process started with pid [103397]
1772295641.9556508 [INFO] [visual_odom_bridge-28]: process started with pid [103841]
1772295641.9558060 [INFO] [visual_odom_bridge-29]: process started with pid [103843]
1772295641.9558911 [INFO] [offboard_controller-30]: process started with pid [103845]
1772295641.9559608 [INFO] [offboard_controller-31]: process started with pid [103847]
1772295644.9760511 [INFO] [exploration_planner-32]: process started with pid [103959]
1772295644.9762294 [INFO] [exploration_planner-33]: process started with pid [103961]
1772295644.9763124 [INFO] [drone_coordinator-34]: process started with pid [103963]
1772295644.9771435 [INFO] [poi_manager-35]: process started with pid [103965]
