[INFO] [1772291332.373461553] [rviz2]: Stereo is NOT SUPPORTED
[INFO] [1772291332.373607327] [rviz2]: OpenGl version: 4.6 (GLSL 4.6)
[ERROR] [1772291332.380817016] [rviz2]: RenderingAPIException: Invalid parentWindowHandle (wrong server or screen) in GLXWindow::create at ./.obj-x86_64-linux-gnu/ogre-v1.12.1-prefix/src/ogre-v1.12.1/RenderSystems/GLSupport/src/GLX/OgreGLXWindow.cpp (line 257)
[ERROR] [1772291332.380927572] [rviz2]: rviz::RenderSystem: error creating render window: RenderingAPIException: Invalid parentWindowHandle (wrong server or screen) in GLXWindow::create at ./.obj-x86_64-linux-gnu/ogre-v1.12.1-prefix/src/ogre-v1.12.1/RenderSystems/GLSupport/src/GLX/OgreGLXWindow.cpp (line 257)
[ERROR] [1772291332.380962696] [rviz2]: RenderingAPIException: Invalid parentWindowHandle (wrong server or screen) in GLXWindow::create at ./.obj-x86_64-linux-gnu/ogre-v1.12.1-prefix/src/ogre-v1.12.1/RenderSystems/GLSupport/src/GLX/OgreGLXWindow.cpp (line 257)
[ERROR] [1772291332.380975605] [rviz2]: rviz::RenderSystem: error creating render window: RenderingAPIException: Invalid parentWindowHandle (wrong server or screen) in GLXWindow::create at ./.obj-x86_64-linux-gnu/ogre-v1.12.1-prefix/src/ogre-v1.12.1/RenderSystems/GLSupport/src/GLX/OgreGLXWindow.cpp (line 257)
[ERROR] [1772291332.380994416] [rviz2]: RenderingAPIException: Invalid parentWindowHandle (wrong server or screen) in GLXWindow::create at ./.obj-x86_64-linux-gnu/ogre-v1.12.1-prefix/src/ogre-v1.12.1/RenderSystems/GLSupport/src/GLX/OgreGLXWindow.cpp (line 257)
[ERROR] [1772291332.381004712] [rviz2]: rviz::RenderSystem: error creating render window: RenderingAPIException: Invalid parentWindowHandle (wrong server or screen) in GLXWindow::create at ./.obj-x86_64-linux-gnu/ogre-v1.12.1-prefix/src/ogre-v1.12.1/RenderSystems/GLSupport/src/GLX/OgreGLXWindow.cpp (line 257)
[ERROR] [1772291332.381022423] [rviz2]: RenderingAPIException: Invalid parentWindowHandle (wrong server or screen) in GLXWindow::create at ./.obj-x86_64-linux-gnu/ogre-v1.12.1-prefix/src/ogre-v1.12.1/RenderSystems/GLSupport/src/GLX/OgreGLXWindow.cpp (line 257)
[ERROR] [1772291332.381032466] [rviz2]: rviz::RenderSystem: error creating render window: RenderingAPIException: Invalid parentWindowHandle (wrong server or screen) in GLXWindow::create at ./.obj-x86_64-linux-gnu/ogre-v1.12.1-prefix/src/ogre-v1.12.1/RenderSystems/GLSupport/src/GLX/OgreGLXWindow.cpp (line 257)
[ERROR] [1772291332.381049738] [rviz2]: RenderingAPIException: Invalid parentWindowHandle (wrong server or screen) in GLXWindow::create at ./.obj-x86_64-linux-gnu/ogre-v1.12.1-prefix/src/ogre-v1.12.1/RenderSystems/GLSupport/src/GLX/OgreGLXWindow.cpp (line 257)
[ERROR] [1772291332.381058471] [rviz2]: rviz::RenderSystem: error creating render window: RenderingAPIException: Invalid parentWindowHandle (wrong server or screen) in GLXWindow::create at ./.obj-x86_64-linux-gnu/ogre-v1.12.1-prefix/src/ogre-v1.12.1/RenderSystems/GLSupport/src/GLX/OgreGLXWindow.cpp (line 257)
[ERROR] [1772291332.381076396] [rviz2]: RenderingAPIException: Invalid parentWindowHandle (wrong server or screen) in GLXWindow::create at ./.obj-x86_64-linux-gnu/ogre-v1.12.1-prefix/src/ogre-v1.12.1/RenderSystems/GLSupport/src/GLX/OgreGLXWindow.cpp (line 257)
[ERROR] [1772291332.381086394] [rviz2]: rviz::RenderSystem: error creating render window: RenderingAPIException: Invalid parentWindowHandle (wrong server or screen) in GLXWindow::create at ./.obj-x86_64-linux-gnu/ogre-v1.12.1-prefix/src/ogre-v1.12.1/RenderSystems/GLSupport/src/GLX/OgreGLXWindow.cpp (line 257)
[ERROR] [1772291332.381104328] [rviz2]: RenderingAPIException: Invalid parentWindowHandle (wrong server or screen) in GLXWindow::create at ./.obj-x86_64-linux-gnu/ogre-v1.12.1-prefix/src/ogre-v1.12.1/RenderSystems/GLSupport/src/GLX/OgreGLXWindow.cpp (line 257)
[ERROR] [1772291332.381113604] [rviz2]: rviz::RenderSystem: error creating render window: RenderingAPIException: Invalid parentWindowHandle (wrong server or screen) in GLXWindow::create at ./.obj-x86_64-linux-gnu/ogre-v1.12.1-prefix/src/ogre-v1.12.1/RenderSystems/GLSupport/src/GLX/OgreGLXWindow.cpp (line 257)
[ERROR] [1772291332.381162675] [rviz2]: RenderingAPIException: Invalid parentWindowHandle (wrong server or screen) in GLXWindow::create at ./.obj-x86_64-linux-gnu/ogre-v1.12.1-prefix/src/ogre-v1.12.1/RenderSystems/GLSupport/src/GLX/OgreGLXWindow.cpp (line 257)
[ERROR] [1772291332.381173423] [rviz2]: rviz::RenderSystem: error creating render window: RenderingAPIException: Invalid parentWindowHandle (wrong server or screen) in GLXWindow::create at ./.obj-x86_64-linux-gnu/ogre-v1.12.1-prefix/src/ogre-v1.12.1/RenderSystems/GLSupport/src/GLX/OgreGLXWindow.cpp (line 257)
[ERROR] [1772291332.381192408] [rviz2]: RenderingAPIException: Invalid parentWindowHandle (wrong server or screen) in GLXWindow::create at ./.obj-x86_64-linux-gnu/ogre-v1.12.1-prefix/src/ogre-v1.12.1/RenderSystems/GLSupport/src/GLX/OgreGLXWindow.cpp (line 257)
[ERROR] [1772291332.381201967] [rviz2]: rviz::RenderSystem: error creating render window: RenderingAPIException: Invalid parentWindowHandle (wrong server or screen) in GLXWindow::create at ./.obj-x86_64-linux-gnu/ogre-v1.12.1-prefix/src/ogre-v1.12.1/RenderSystems/GLSupport/src/GLX/OgreGLXWindow.cpp (line 257)
[ERROR] [1772291332.381219221] [rviz2]: RenderingAPIException: Invalid parentWindowHandle (wrong server or screen) in GLXWindow::create at ./.obj-x86_64-linux-gnu/ogre-v1.12.1-prefix/src/ogre-v1.12.1/RenderSystems/GLSupport/src/GLX/OgreGLXWindow.cpp (line 257)
[ERROR] [1772291332.381228993] [rviz2]: rviz::RenderSystem: error creating render window: RenderingAPIException: Invalid parentWindowHandle (wrong server or screen) in GLXWindow::create at ./.obj-x86_64-linux-gnu/ogre-v1.12.1-prefix/src/ogre-v1.12.1/RenderSystems/GLSupport/src/GLX/OgreGLXWindow.cpp (line 257)
[ERROR] [1772291332.381246260] [rviz2]: RenderingAPIException: Invalid parentWindowHandle (wrong server or screen) in GLXWindow::create at ./.obj-x86_64-linux-gnu/ogre-v1.12.1-prefix/src/ogre-v1.12.1/RenderSystems/GLSupport/src/GLX/OgreGLXWindow.cpp (line 257)
[ERROR] [1772291332.381257458] [rviz2]: rviz::RenderSystem: error creating render window: RenderingAPIException: Invalid parentWindowHandle (wrong server or screen) in GLXWindow::create at ./.obj-x86_64-linux-gnu/ogre-v1.12.1-prefix/src/ogre-v1.12.1/RenderSystems/GLSupport/src/GLX/OgreGLXWindow.cpp (line 257)
[ERROR] [1772291332.381274873] [rviz2]: RenderingAPIException: Invalid parentWindowHandle (wrong server or screen) in GLXWindow::create at ./.obj-x86_64-linux-gnu/ogre-v1.12.1-prefix/src/ogre-v1.12.1/RenderSystems/GLSupport/src/GLX/OgreGLXWindow.cpp (line 257)
[ERROR] [1772291332.381285299] [rviz2]: rviz::RenderSystem: error creating render window: RenderingAPIException: Invalid parentWindowHandle (wrong server or screen) in GLXWindow::create at ./.obj-x86_64-linux-gnu/ogre-v1.12.1-prefix/src/ogre-v1.12.1/RenderSystems/GLSupport/src/GLX/OgreGLXWindow.cpp (line 257)
[ERROR] [1772291332.381302852] [rviz2]: RenderingAPIException: Invalid parentWindowHandle (wrong server or screen) in GLXWindow::create at ./.obj-x86_64-linux-gnu/ogre-v1.12.1-prefix/src/ogre-v1.12.1/RenderSystems/GLSupport/src/GLX/OgreGLXWindow.cpp (line 257)
[ERROR] [1772291332.381313401] [rviz2]: rviz::RenderSystem: error creating render window: RenderingAPIException: Invalid parentWindowHandle (wrong server or screen) in GLXWindow::create at ./.obj-x86_64-linux-gnu/ogre-v1.12.1-prefix/src/ogre-v1.12.1/RenderSystems/GLSupport/src/GLX/OgreGLXWindow.cpp (line 257)
[ERROR] [1772291332.381330424] [rviz2]: RenderingAPIException: Invalid parentWindowHandle (wrong server or screen) in GLXWindow::create at ./.obj-x86_64-linux-gnu/ogre-v1.12.1-prefix/src/ogre-v1.12.1/RenderSystems/GLSupport/src/GLX/OgreGLXWindow.cpp (line 257)
[ERROR] [1772291332.381343724] [rviz2]: rviz::RenderSystem: error creating render window: RenderingAPIException: Invalid parentWindowHandle (wrong server or screen) in GLXWindow::create at ./.obj-x86_64-linux-gnu/ogre-v1.12.1-prefix/src/ogre-v1.12.1/RenderSystems/GLSupport/src/GLX/OgreGLXWindow.cpp (line 257)
[ERROR] [1772291332.381366057] [rviz2]: RenderingAPIException: Invalid parentWindowHandle (wrong server or screen) in GLXWindow::create at ./.obj-x86_64-linux-gnu/ogre-v1.12.1-prefix/src/ogre-v1.12.1/RenderSystems/GLSupport/src/GLX/OgreGLXWindow.cpp (line 257)
[ERROR] [1772291332.381388173] [rviz2]: rviz::RenderSystem: error creating render window: RenderingAPIException: Invalid parentWindowHandle (wrong server or screen) in GLXWindow::create at ./.obj-x86_64-linux-gnu/ogre-v1.12.1-prefix/src/ogre-v1.12.1/RenderSystems/GLSupport/src/GLX/OgreGLXWindow.cpp (line 257)
[ERROR] [1772291332.381407253] [rviz2]: RenderingAPIException: Invalid parentWindowHandle (wrong server or screen) in GLXWindow::create at ./.obj-x86_64-linux-gnu/ogre-v1.12.1-prefix/src/ogre-v1.12.1/RenderSystems/GLSupport/src/GLX/OgreGLXWindow.cpp (line 257)
[ERROR] [1772291332.381417414] [rviz2]: rviz::RenderSystem: error creating render window: RenderingAPIException: Invalid parentWindowHandle (wrong server or screen) in GLXWindow::create at ./.obj-x86_64-linux-gnu/ogre-v1.12.1-prefix/src/ogre-v1.12.1/RenderSystems/GLSupport/src/GLX/OgreGLXWindow.cpp (line 257)
[ERROR] [1772291332.381432325] [rviz2]: RenderingAPIException: Invalid parentWindowHandle (wrong server or screen) in GLXWindow::create at ./.obj-x86_64-linux-gnu/ogre-v1.12.1-prefix/src/ogre-v1.12.1/RenderSystems/GLSupport/src/GLX/OgreGLXWindow.cpp (line 257)
[ERROR] [1772291332.381439178] [rviz2]: rviz::RenderSystem: error creating render window: RenderingAPIException: Invalid parentWindowHandle (wrong server or screen) in GLXWindow::create at ./.obj-x86_64-linux-gnu/ogre-v1.12.1-prefix/src/ogre-v1.12.1/RenderSystems/GLSupport/src/GLX/OgreGLXWindow.cpp (line 257)
[ERROR] [1772291332.381453430] [rviz2]: RenderingAPIException: Invalid parentWindowHandle (wrong server or screen) in GLXWindow::create at ./.obj-x86_64-linux-gnu/ogre-v1.12.1-prefix/src/ogre-v1.12.1/RenderSystems/GLSupport/src/GLX/OgreGLXWindow.cpp (line 257)
[ERROR] [1772291332.381460559] [rviz2]: rviz::RenderSystem: error creating render window: RenderingAPIException: Invalid parentWindowHandle (wrong server or screen) in GLXWindow::create at ./.obj-x86_64-linux-gnu/ogre-v1.12.1-prefix/src/ogre-v1.12.1/RenderSystems/GLSupport/src/GLX/OgreGLXWindow.cpp (line 257)
[ERROR] [1772291332.381473846] [rviz2]: RenderingAPIException: Invalid parentWindowHandle (wrong server or screen) in GLXWindow::create at ./.obj-x86_64-linux-gnu/ogre-v1.12.1-prefix/src/ogre-v1.12.1/RenderSystems/GLSupport/src/GLX/OgreGLXWindow.cpp (line 257)
[ERROR] [1772291332.381480532] [rviz2]: rviz::RenderSystem: error creating render window: RenderingAPIException: Invalid parentWindowHandle (wrong server or screen) in GLXWindow::create at ./.obj-x86_64-linux-gnu/ogre-v1.12.1-prefix/src/ogre-v1.12.1/RenderSystems/GLSupport/src/GLX/OgreGLXWindow.cpp (line 257)
[ERROR] [1772291332.381494238] [rviz2]: RenderingAPIException: Invalid parentWindowHandle (wrong server or screen) in GLXWindow::create at ./.obj-x86_64-linux-gnu/ogre-v1.12.1-prefix/src/ogre-v1.12.1/RenderSystems/GLSupport/src/GLX/OgreGLXWindow.cpp (line 257)
[ERROR] [1772291332.381501538] [rviz2]: rviz::RenderSystem: error creating render window: RenderingAPIException: Invalid parentWindowHandle (wrong server or screen) in GLXWindow::create at ./.obj-x86_64-linux-gnu/ogre-v1.12.1-prefix/src/ogre-v1.12.1/RenderSystems/GLSupport/src/GLX/OgreGLXWindow.cpp (line 257)
[ERROR] [1772291332.381515274] [rviz2]: RenderingAPIException: Invalid parentWindowHandle (wrong server or screen) in GLXWindow::create at ./.obj-x86_64-linux-gnu/ogre-v1.12.1-prefix/src/ogre-v1.12.1/RenderSystems/GLSupport/src/GLX/OgreGLXWindow.cpp (line 257)
[ERROR] [1772291332.381521961] [rviz2]: rviz::RenderSystem: error creating render window: RenderingAPIException: Invalid parentWindowHandle (wrong server or screen) in GLXWindow::create at ./.obj-x86_64-linux-gnu/ogre-v1.12.1-prefix/src/ogre-v1.12.1/RenderSystems/GLSupport/src/GLX/OgreGLXWindow.cpp (line 257)
[ERROR] [1772291332.381535578] [rviz2]: RenderingAPIException: Invalid parentWindowHandle (wrong server or screen) in GLXWindow::create at ./.obj-x86_64-linux-gnu/ogre-v1.12.1-prefix/src/ogre-v1.12.1/RenderSystems/GLSupport/src/GLX/OgreGLXWindow.cpp (line 257)
[ERROR] [1772291332.381546676] [rviz2]: rviz::RenderSystem: error creating render window: RenderingAPIException: Invalid parentWindowHandle (wrong server or screen) in GLXWindow::create at ./.obj-x86_64-linux-gnu/ogre-v1.12.1-prefix/src/ogre-v1.12.1/RenderSystems/GLSupport/src/GLX/OgreGLXWindow.cpp (line 257)
[ERROR] [1772291332.381559981] [rviz2]: RenderingAPIException: Invalid parentWindowHandle (wrong server or screen) in GLXWindow::create at ./.obj-x86_64-linux-gnu/ogre-v1.12.1-prefix/src/ogre-v1.12.1/RenderSystems/GLSupport/src/GLX/OgreGLXWindow.cpp (line 257)
[ERROR] [1772291332.381566546] [rviz2]: rviz::RenderSystem: error creating render window: RenderingAPIException: Invalid parentWindowHandle (wrong server or screen) in GLXWindow::create at ./.obj-x86_64-linux-gnu/ogre-v1.12.1-prefix/src/ogre-v1.12.1/RenderSystems/GLSupport/src/GLX/OgreGLXWindow.cpp (line 257)
[ERROR] [1772291332.381580399] [rviz2]: RenderingAPIException: Invalid parentWindowHandle (wrong server or screen) in GLXWindow::create at ./.obj-x86_64-linux-gnu/ogre-v1.12.1-prefix/src/ogre-v1.12.1/RenderSystems/GLSupport/src/GLX/OgreGLXWindow.cpp (line 257)
[ERROR] [1772291332.381586909] [rviz2]: rviz::RenderSystem: error creating render window: RenderingAPIException: Invalid parentWindowHandle (wrong server or screen) in GLXWindow::create at ./.obj-x86_64-linux-gnu/ogre-v1.12.1-prefix/src/ogre-v1.12.1/RenderSystems/GLSupport/src/GLX/OgreGLXWindow.cpp (line 257)
[ERROR] [1772291332.381600682] [rviz2]: RenderingAPIException: Invalid parentWindowHandle (wrong server or screen) in GLXWindow::create at ./.obj-x86_64-linux-gnu/ogre-v1.12.1-prefix/src/ogre-v1.12.1/RenderSystems/GLSupport/src/GLX/OgreGLXWindow.cpp (line 257)
[ERROR] [1772291332.381607169] [rviz2]: rviz::RenderSystem: error creating render window: RenderingAPIException: Invalid parentWindowHandle (wrong server or screen) in GLXWindow::create at ./.obj-x86_64-linux-gnu/ogre-v1.12.1-prefix/src/ogre-v1.12.1/RenderSystems/GLSupport/src/GLX/OgreGLXWindow.cpp (line 257)
[ERROR] [1772291332.381620624] [rviz2]: RenderingAPIException: Invalid parentWindowHandle (wrong server or screen) in GLXWindow::create at ./.obj-x86_64-linux-gnu/ogre-v1.12.1-prefix/src/ogre-v1.12.1/RenderSystems/GLSupport/src/GLX/OgreGLXWindow.cpp (line 257)
[ERROR] [1772291332.381627149] [rviz2]: rviz::RenderSystem: error creating render window: RenderingAPIException: Invalid parentWindowHandle (wrong server or screen) in GLXWindow::create at ./.obj-x86_64-linux-gnu/ogre-v1.12.1-prefix/src/ogre-v1.12.1/RenderSystems/GLSupport/src/GLX/OgreGLXWindow.cpp (line 257)
[ERROR] [1772291332.381640816] [rviz2]: RenderingAPIException: Invalid parentWindowHandle (wrong server or screen) in GLXWindow::create at ./.obj-x86_64-linux-gnu/ogre-v1.12.1-prefix/src/ogre-v1.12.1/RenderSystems/GLSupport/src/GLX/OgreGLXWindow.cpp (line 257)
[ERROR] [1772291332.381647865] [rviz2]: rviz::RenderSystem: error creating render window: RenderingAPIException: Invalid parentWindowHandle (wrong server or screen) in GLXWindow::create at ./.obj-x86_64-linux-gnu/ogre-v1.12.1-prefix/src/ogre-v1.12.1/RenderSystems/GLSupport/src/GLX/OgreGLXWindow.cpp (line 257)
[ERROR] [1772291332.381661706] [rviz2]: RenderingAPIException: Invalid parentWindowHandle (wrong server or screen) in GLXWindow::create at ./.obj-x86_64-linux-gnu/ogre-v1.12.1-prefix/src/ogre-v1.12.1/RenderSystems/GLSupport/src/GLX/OgreGLXWindow.cpp (line 257)
[ERROR] [1772291332.381668180] [rviz2]: rviz::RenderSystem: error creating render window: RenderingAPIException: Invalid parentWindowHandle (wrong server or screen) in GLXWindow::create at ./.obj-x86_64-linux-gnu/ogre-v1.12.1-prefix/src/ogre-v1.12.1/RenderSystems/GLSupport/src/GLX/OgreGLXWindow.cpp (line 257)
[ERROR] [1772291332.381681835] [rviz2]: RenderingAPIException: Invalid parentWindowHandle (wrong server or screen) in GLXWindow::create at ./.obj-x86_64-linux-gnu/ogre-v1.12.1-prefix/src/ogre-v1.12.1/RenderSystems/GLSupport/src/GLX/OgreGLXWindow.cpp (line 257)
[ERROR] [1772291332.381690456] [rviz2]: rviz::RenderSystem: error creating render window: RenderingAPIException: Invalid parentWindowHandle (wrong server or screen) in GLXWindow::create at ./.obj-x86_64-linux-gnu/ogre-v1.12.1-prefix/src/ogre-v1.12.1/RenderSystems/GLSupport/src/GLX/OgreGLXWindow.cpp (line 257)
[ERROR] [1772291332.381705623] [rviz2]: RenderingAPIException: Invalid parentWindowHandle (wrong server or screen) in GLXWindow::create at ./.obj-x86_64-linux-gnu/ogre-v1.12.1-prefix/src/ogre-v1.12.1/RenderSystems/GLSupport/src/GLX/OgreGLXWindow.cpp (line 257)
[ERROR] [1772291332.381712114] [rviz2]: rviz::RenderSystem: error creating render window: RenderingAPIException: Invalid parentWindowHandle (wrong server or screen) in GLXWindow::create at ./.obj-x86_64-linux-gnu/ogre-v1.12.1-prefix/src/ogre-v1.12.1/RenderSystems/GLSupport/src/GLX/OgreGLXWindow.cpp (line 257)
[ERROR] [1772291332.381726402] [rviz2]: RenderingAPIException: Invalid parentWindowHandle (wrong server or screen) in GLXWindow::create at ./.obj-x86_64-linux-gnu/ogre-v1.12.1-prefix/src/ogre-v1.12.1/RenderSystems/GLSupport/src/GLX/OgreGLXWindow.cpp (line 257)
[ERROR] [1772291332.381732962] [rviz2]: rviz::RenderSystem: error creating render window: RenderingAPIException: Invalid parentWindowHandle (wrong server or screen) in GLXWindow::create at ./.obj-x86_64-linux-gnu/ogre-v1.12.1-prefix/src/ogre-v1.12.1/RenderSystems/GLSupport/src/GLX/OgreGLXWindow.cpp (line 257)
[ERROR] [1772291332.381746212] [rviz2]: RenderingAPIException: Invalid parentWindowHandle (wrong server or screen) in GLXWindow::create at ./.obj-x86_64-linux-gnu/ogre-v1.12.1-prefix/src/ogre-v1.12.1/RenderSystems/GLSupport/src/GLX/OgreGLXWindow.cpp (line 257)
[ERROR] [1772291332.381752656] [rviz2]: rviz::RenderSystem: error creating render window: RenderingAPIException: Invalid parentWindowHandle (wrong server or screen) in GLXWindow::create at ./.obj-x86_64-linux-gnu/ogre-v1.12.1-prefix/src/ogre-v1.12.1/RenderSystems/GLSupport/src/GLX/OgreGLXWindow.cpp (line 257)
[ERROR] [1772291332.381766413] [rviz2]: RenderingAPIException: Invalid parentWindowHandle (wrong server or screen) in GLXWindow::create at ./.obj-x86_64-linux-gnu/ogre-v1.12.1-prefix/src/ogre-v1.12.1/RenderSystems/GLSupport/src/GLX/OgreGLXWindow.cpp (line 257)
[ERROR] [1772291332.381772999] [rviz2]: rviz::RenderSystem: error creating render window: RenderingAPIException: Invalid parentWindowHandle (wrong server or screen) in GLXWindow::create at ./.obj-x86_64-linux-gnu/ogre-v1.12.1-prefix/src/ogre-v1.12.1/RenderSystems/GLSupport/src/GLX/OgreGLXWindow.cpp (line 257)
[ERROR] [1772291332.381787959] [rviz2]: RenderingAPIException: Invalid parentWindowHandle (wrong server or screen) in GLXWindow::create at ./.obj-x86_64-linux-gnu/ogre-v1.12.1-prefix/src/ogre-v1.12.1/RenderSystems/GLSupport/src/GLX/OgreGLXWindow.cpp (line 257)
[ERROR] [1772291332.381797028] [rviz2]: rviz::RenderSystem: error creating render window: RenderingAPIException: Invalid parentWindowHandle (wrong server or screen) in GLXWindow::create at ./.obj-x86_64-linux-gnu/ogre-v1.12.1-prefix/src/ogre-v1.12.1/RenderSystems/GLSupport/src/GLX/OgreGLXWindow.cpp (line 257)
[ERROR] [1772291332.381813951] [rviz2]: RenderingAPIException: Invalid parentWindowHandle (wrong server or screen) in GLXWindow::create at ./.obj-x86_64-linux-gnu/ogre-v1.12.1-prefix/src/ogre-v1.12.1/RenderSystems/GLSupport/src/GLX/OgreGLXWindow.cpp (line 257)
[ERROR] [1772291332.381822913] [rviz2]: rviz::RenderSystem: error creating render window: RenderingAPIException: Invalid parentWindowHandle (wrong server or screen) in GLXWindow::create at ./.obj-x86_64-linux-gnu/ogre-v1.12.1-prefix/src/ogre-v1.12.1/RenderSystems/GLSupport/src/GLX/OgreGLXWindow.cpp (line 257)
[ERROR] [1772291332.381840057] [rviz2]: RenderingAPIException: Invalid parentWindowHandle (wrong server or screen) in GLXWindow::create at ./.obj-x86_64-linux-gnu/ogre-v1.12.1-prefix/src/ogre-v1.12.1/RenderSystems/GLSupport/src/GLX/OgreGLXWindow.cpp (line 257)
[ERROR] [1772291332.381849025] [rviz2]: rviz::RenderSystem: error creating render window: RenderingAPIException: Invalid parentWindowHandle (wrong server or screen) in GLXWindow::create at ./.obj-x86_64-linux-gnu/ogre-v1.12.1-prefix/src/ogre-v1.12.1/RenderSystems/GLSupport/src/GLX/OgreGLXWindow.cpp (line 257)
[ERROR] [1772291332.381868789] [rviz2]: RenderingAPIException: Invalid parentWindowHandle (wrong server or screen) in GLXWindow::create at ./.obj-x86_64-linux-gnu/ogre-v1.12.1-prefix/src/ogre-v1.12.1/RenderSystems/GLSupport/src/GLX/OgreGLXWindow.cpp (line 257)
[ERROR] [1772291332.381875581] [rviz2]: rviz::RenderSystem: error creating render window: RenderingAPIException: Invalid parentWindowHandle (wrong server or screen) in GLXWindow::create at ./.obj-x86_64-linux-gnu/ogre-v1.12.1-prefix/src/ogre-v1.12.1/RenderSystems/GLSupport/src/GLX/OgreGLXWindow.cpp (line 257)
[ERROR] [1772291332.381890207] [rviz2]: RenderingAPIException: Invalid parentWindowHandle (wrong server or screen) in GLXWindow::create at ./.obj-x86_64-linux-gnu/ogre-v1.12.1-prefix/src/ogre-v1.12.1/RenderSystems/GLSupport/src/GLX/OgreGLXWindow.cpp (line 257)
[ERROR] [1772291332.381897250] [rviz2]: rviz::RenderSystem: error creating render window: RenderingAPIException: Invalid parentWindowHandle (wrong server or screen) in GLXWindow::create at ./.obj-x86_64-linux-gnu/ogre-v1.12.1-prefix/src/ogre-v1.12.1/RenderSystems/GLSupport/src/GLX/OgreGLXWindow.cpp (line 257)
[ERROR] [1772291332.381912534] [rviz2]: RenderingAPIException: Invalid parentWindowHandle (wrong server or screen) in GLXWindow::create at ./.obj-x86_64-linux-gnu/ogre-v1.12.1-prefix/src/ogre-v1.12.1/RenderSystems/GLSupport/src/GLX/OgreGLXWindow.cpp (line 257)
[ERROR] [1772291332.381922586] [rviz2]: rviz::RenderSystem: error creating render window: RenderingAPIException: Invalid parentWindowHandle (wrong server or screen) in GLXWindow::create at ./.obj-x86_64-linux-gnu/ogre-v1.12.1-prefix/src/ogre-v1.12.1/RenderSystems/GLSupport/src/GLX/OgreGLXWindow.cpp (line 257)
[ERROR] [1772291332.381937388] [rviz2]: RenderingAPIException: Invalid parentWindowHandle (wrong server or screen) in GLXWindow::create at ./.obj-x86_64-linux-gnu/ogre-v1.12.1-prefix/src/ogre-v1.12.1/RenderSystems/GLSupport/src/GLX/OgreGLXWindow.cpp (line 257)
[ERROR] [1772291332.381944065] [rviz2]: rviz::RenderSystem: error creating render window: RenderingAPIException: Invalid parentWindowHandle (wrong server or screen) in GLXWindow::create at ./.obj-x86_64-linux-gnu/ogre-v1.12.1-prefix/src/ogre-v1.12.1/RenderSystems/GLSupport/src/GLX/OgreGLXWindow.cpp (line 257)
[ERROR] [1772291332.381958155] [rviz2]: RenderingAPIException: Invalid parentWindowHandle (wrong server or screen) in GLXWindow::create at ./.obj-x86_64-linux-gnu/ogre-v1.12.1-prefix/src/ogre-v1.12.1/RenderSystems/GLSupport/src/GLX/OgreGLXWindow.cpp (line 257)
[ERROR] [1772291332.381965109] [rviz2]: rviz::RenderSystem: error creating render window: RenderingAPIException: Invalid parentWindowHandle (wrong server or screen) in GLXWindow::create at ./.obj-x86_64-linux-gnu/ogre-v1.12.1-prefix/src/ogre-v1.12.1/RenderSystems/GLSupport/src/GLX/OgreGLXWindow.cpp (line 257)
[ERROR] [1772291332.381979030] [rviz2]: RenderingAPIException: Invalid parentWindowHandle (wrong server or screen) in GLXWindow::create at ./.obj-x86_64-linux-gnu/ogre-v1.12.1-prefix/src/ogre-v1.12.1/RenderSystems/GLSupport/src/GLX/OgreGLXWindow.cpp (line 257)
[ERROR] [1772291332.381985855] [rviz2]: rviz::RenderSystem: error creating render window: RenderingAPIException: Invalid parentWindowHandle (wrong server or screen) in GLXWindow::create at ./.obj-x86_64-linux-gnu/ogre-v1.12.1-prefix/src/ogre-v1.12.1/RenderSystems/GLSupport/src/GLX/OgreGLXWindow.cpp (line 257)
[ERROR] [1772291332.382000220] [rviz2]: RenderingAPIException: Invalid parentWindowHandle (wrong server or screen) in GLXWindow::create at ./.obj-x86_64-linux-gnu/ogre-v1.12.1-prefix/src/ogre-v1.12.1/RenderSystems/GLSupport/src/GLX/OgreGLXWindow.cpp (line 257)
[ERROR] [1772291332.382007014] [rviz2]: rviz::RenderSystem: error creating render window: RenderingAPIException: Invalid parentWindowHandle (wrong server or screen) in GLXWindow::create at ./.obj-x86_64-linux-gnu/ogre-v1.12.1-prefix/src/ogre-v1.12.1/RenderSystems/GLSupport/src/GLX/OgreGLXWindow.cpp (line 257)
[ERROR] [1772291332.382028095] [rviz2]: RenderingAPIException: Invalid parentWindowHandle (wrong server or screen) in GLXWindow::create at ./.obj-x86_64-linux-gnu/ogre-v1.12.1-prefix/src/ogre-v1.12.1/RenderSystems/GLSupport/src/GLX/OgreGLXWindow.cpp (line 257)
[ERROR] [1772291332.382037097] [rviz2]: rviz::RenderSystem: error creating render window: RenderingAPIException: Invalid parentWindowHandle (wrong server or screen) in GLXWindow::create at ./.obj-x86_64-linux-gnu/ogre-v1.12.1-prefix/src/ogre-v1.12.1/RenderSystems/GLSupport/src/GLX/OgreGLXWindow.cpp (line 257)
[ERROR] [1772291332.382088351] [rviz2]: RenderingAPIException: Invalid parentWindowHandle (wrong server or screen) in GLXWindow::create at ./.obj-x86_64-linux-gnu/ogre-v1.12.1-prefix/src/ogre-v1.12.1/RenderSystems/GLSupport/src/GLX/OgreGLXWindow.cpp (line 257)
[ERROR] [1772291332.382139256] [rviz2]: rviz::RenderSystem: error creating render window: RenderingAPIException: Invalid parentWindowHandle (wrong server or screen) in GLXWindow::create at ./.obj-x86_64-linux-gnu/ogre-v1.12.1-prefix/src/ogre-v1.12.1/RenderSystems/GLSupport/src/GLX/OgreGLXWindow.cpp (line 257)
[ERROR] [1772291332.382197079] [rviz2]: RenderingAPIException: Invalid parentWindowHandle (wrong server or screen) in GLXWindow::create at ./.obj-x86_64-linux-gnu/ogre-v1.12.1-prefix/src/ogre-v1.12.1/RenderSystems/GLSupport/src/GLX/OgreGLXWindow.cpp (line 257)
[ERROR] [1772291332.382220378] [rviz2]: rviz::RenderSystem: error creating render window: RenderingAPIException: Invalid parentWindowHandle (wrong server or screen) in GLXWindow::create at ./.obj-x86_64-linux-gnu/ogre-v1.12.1-prefix/src/ogre-v1.12.1/RenderSystems/GLSupport/src/GLX/OgreGLXWindow.cpp (line 257)
[ERROR] [1772291332.382262275] [rviz2]: RenderingAPIException: Invalid parentWindowHandle (wrong server or screen) in GLXWindow::create at ./.obj-x86_64-linux-gnu/ogre-v1.12.1-prefix/src/ogre-v1.12.1/RenderSystems/GLSupport/src/GLX/OgreGLXWindow.cpp (line 257)
[ERROR] [1772291332.382283084] [rviz2]: rviz::RenderSystem: error creating render window: RenderingAPIException: Invalid parentWindowHandle (wrong server or screen) in GLXWindow::create at ./.obj-x86_64-linux-gnu/ogre-v1.12.1-prefix/src/ogre-v1.12.1/RenderSystems/GLSupport/src/GLX/OgreGLXWindow.cpp (line 257)
[ERROR] [1772291332.382317044] [rviz2]: RenderingAPIException: Invalid parentWindowHandle (wrong server or screen) in GLXWindow::create at ./.obj-x86_64-linux-gnu/ogre-v1.12.1-prefix/src/ogre-v1.12.1/RenderSystems/GLSupport/src/GLX/OgreGLXWindow.cpp (line 257)
[ERROR] [1772291332.382337407] [rviz2]: rviz::RenderSystem: error creating render window: RenderingAPIException: Invalid parentWindowHandle (wrong server or screen) in GLXWindow::create at ./.obj-x86_64-linux-gnu/ogre-v1.12.1-prefix/src/ogre-v1.12.1/RenderSystems/GLSupport/src/GLX/OgreGLXWindow.cpp (line 257)
[ERROR] [1772291332.382377476] [rviz2]: RenderingAPIException: Invalid parentWindowHandle (wrong server or screen) in GLXWindow::create at ./.obj-x86_64-linux-gnu/ogre-v1.12.1-prefix/src/ogre-v1.12.1/RenderSystems/GLSupport/src/GLX/OgreGLXWindow.cpp (line 257)
[ERROR] [1772291332.382398904] [rviz2]: rviz::RenderSystem: error creating render window: RenderingAPIException: Invalid parentWindowHandle (wrong server or screen) in GLXWindow::create at ./.obj-x86_64-linux-gnu/ogre-v1.12.1-prefix/src/ogre-v1.12.1/RenderSystems/GLSupport/src/GLX/OgreGLXWindow.cpp (line 257)
[ERROR] [1772291332.382441542] [rviz2]: RenderingAPIException: Invalid parentWindowHandle (wrong server or screen) in GLXWindow::create at ./.obj-x86_64-linux-gnu/ogre-v1.12.1-prefix/src/ogre-v1.12.1/RenderSystems/GLSupport/src/GLX/OgreGLXWindow.cpp (line 257)
[ERROR] [1772291332.382466360] [rviz2]: rviz::RenderSystem: error creating render window: RenderingAPIException: Invalid parentWindowHandle (wrong server or screen) in GLXWindow::create at ./.obj-x86_64-linux-gnu/ogre-v1.12.1-prefix/src/ogre-v1.12.1/RenderSystems/GLSupport/src/GLX/OgreGLXWindow.cpp (line 257)
[ERROR] [1772291332.382541083] [rviz2]: RenderingAPIException: Invalid parentWindowHandle (wrong server or screen) in GLXWindow::create at ./.obj-x86_64-linux-gnu/ogre-v1.12.1-prefix/src/ogre-v1.12.1/RenderSystems/GLSupport/src/GLX/OgreGLXWindow.cpp (line 257)
[ERROR] [1772291332.382566911] [rviz2]: rviz::RenderSystem: error creating render window: RenderingAPIException: Invalid parentWindowHandle (wrong server or screen) in GLXWindow::create at ./.obj-x86_64-linux-gnu/ogre-v1.12.1-prefix/src/ogre-v1.12.1/RenderSystems/GLSupport/src/GLX/OgreGLXWindow.cpp (line 257)
[ERROR] [1772291332.382599679] [rviz2]: RenderingAPIException: Invalid parentWindowHandle (wrong server or screen) in GLXWindow::create at ./.obj-x86_64-linux-gnu/ogre-v1.12.1-prefix/src/ogre-v1.12.1/RenderSystems/GLSupport/src/GLX/OgreGLXWindow.cpp (line 257)
[ERROR] [1772291332.382619507] [rviz2]: rviz::RenderSystem: error creating render window: RenderingAPIException: Invalid parentWindowHandle (wrong server or screen) in GLXWindow::create at ./.obj-x86_64-linux-gnu/ogre-v1.12.1-prefix/src/ogre-v1.12.1/RenderSystems/GLSupport/src/GLX/OgreGLXWindow.cpp (line 257)
[ERROR] [1772291332.382651104] [rviz2]: RenderingAPIException: Invalid parentWindowHandle (wrong server or screen) in GLXWindow::create at ./.obj-x86_64-linux-gnu/ogre-v1.12.1-prefix/src/ogre-v1.12.1/RenderSystems/GLSupport/src/GLX/OgreGLXWindow.cpp (line 257)
[ERROR] [1772291332.382669706] [rviz2]: rviz::RenderSystem: error creating render window: RenderingAPIException: Invalid parentWindowHandle (wrong server or screen) in GLXWindow::create at ./.obj-x86_64-linux-gnu/ogre-v1.12.1-prefix/src/ogre-v1.12.1/RenderSystems/GLSupport/src/GLX/OgreGLXWindow.cpp (line 257)
[ERROR] [1772291332.382700740] [rviz2]: RenderingAPIException: Invalid parentWindowHandle (wrong server or screen) in GLXWindow::create at ./.obj-x86_64-linux-gnu/ogre-v1.12.1-prefix/src/ogre-v1.12.1/RenderSystems/GLSupport/src/GLX/OgreGLXWindow.cpp (line 257)
[ERROR] [1772291332.382720537] [rviz2]: rviz::RenderSystem: error creating render window: RenderingAPIException: Invalid parentWindowHandle (wrong server or screen) in GLXWindow::create at ./.obj-x86_64-linux-gnu/ogre-v1.12.1-prefix/src/ogre-v1.12.1/RenderSystems/GLSupport/src/GLX/OgreGLXWindow.cpp (line 257)
[ERROR] [1772291332.382756283] [rviz2]: RenderingAPIException: Invalid parentWindowHandle (wrong server or screen) in GLXWindow::create at ./.obj-x86_64-linux-gnu/ogre-v1.12.1-prefix/src/ogre-v1.12.1/RenderSystems/GLSupport/src/GLX/OgreGLXWindow.cpp (line 257)
[ERROR] [1772291332.382777005] [rviz2]: rviz::RenderSystem: error creating render window: RenderingAPIException: Invalid parentWindowHandle (wrong server or screen) in GLXWindow::create at ./.obj-x86_64-linux-gnu/ogre-v1.12.1-prefix/src/ogre-v1.12.1/RenderSystems/GLSupport/src/GLX/OgreGLXWindow.cpp (line 257)
[ERROR] [1772291332.382809599] [rviz2]: RenderingAPIException: Invalid parentWindowHandle (wrong server or screen) in GLXWindow::create at ./.obj-x86_64-linux-gnu/ogre-v1.12.1-prefix/src/ogre-v1.12.1/RenderSystems/GLSupport/src/GLX/OgreGLXWindow.cpp (line 257)
[ERROR] [1772291332.382828411] [rviz2]: rviz::RenderSystem: error creating render window: RenderingAPIException: Invalid parentWindowHandle (wrong server or screen) in GLXWindow::create at ./.obj-x86_64-linux-gnu/ogre-v1.12.1-prefix/src/ogre-v1.12.1/RenderSystems/GLSupport/src/GLX/OgreGLXWindow.cpp (line 257)
[ERROR] [1772291332.382860682] [rviz2]: RenderingAPIException: Invalid parentWindowHandle (wrong server or screen) in GLXWindow::create at ./.obj-x86_64-linux-gnu/ogre-v1.12.1-prefix/src/ogre-v1.12.1/RenderSystems/GLSupport/src/GLX/OgreGLXWindow.cpp (line 257)
[ERROR] [1772291332.382880799] [rviz2]: rviz::RenderSystem: error creating render window: RenderingAPIException: Invalid parentWindowHandle (wrong server or screen) in GLXWindow::create at ./.obj-x86_64-linux-gnu/ogre-v1.12.1-prefix/src/ogre-v1.12.1/RenderSystems/GLSupport/src/GLX/OgreGLXWindow.cpp (line 257)
[ERROR] [1772291332.382912691] [rviz2]: RenderingAPIException: Invalid parentWindowHandle (wrong server or screen) in GLXWindow::create at ./.obj-x86_64-linux-gnu/ogre-v1.12.1-prefix/src/ogre-v1.12.1/RenderSystems/GLSupport/src/GLX/OgreGLXWindow.cpp (line 257)
[ERROR] [1772291332.382943877] [rviz2]: rviz::RenderSystem: error creating render window: RenderingAPIException: Invalid parentWindowHandle (wrong server or screen) in GLXWindow::create at ./.obj-x86_64-linux-gnu/ogre-v1.12.1-prefix/src/ogre-v1.12.1/RenderSystems/GLSupport/src/GLX/OgreGLXWindow.cpp (line 257)
[ERROR] [1772291332.382983765] [rviz2]: RenderingAPIException: Invalid parentWindowHandle (wrong server or screen) in GLXWindow::create at ./.obj-x86_64-linux-gnu/ogre-v1.12.1-prefix/src/ogre-v1.12.1/RenderSystems/GLSupport/src/GLX/OgreGLXWindow.cpp (line 257)
[ERROR] [1772291332.383006409] [rviz2]: rviz::RenderSystem: error creating render window: RenderingAPIException: Invalid parentWindowHandle (wrong server or screen) in GLXWindow::create at ./.obj-x86_64-linux-gnu/ogre-v1.12.1-prefix/src/ogre-v1.12.1/RenderSystems/GLSupport/src/GLX/OgreGLXWindow.cpp (line 257)
[ERROR] [1772291332.383147913] [rviz2]: RenderingAPIException: Invalid parentWindowHandle (wrong server or screen) in GLXWindow::create at ./.obj-x86_64-linux-gnu/ogre-v1.12.1-prefix/src/ogre-v1.12.1/RenderSystems/GLSupport/src/GLX/OgreGLXWindow.cpp (line 257)
[ERROR] [1772291332.383197592] [rviz2]: rviz::RenderSystem: error creating render window: RenderingAPIException: Invalid parentWindowHandle (wrong server or screen) in GLXWindow::create at ./.obj-x86_64-linux-gnu/ogre-v1.12.1-prefix/src/ogre-v1.12.1/RenderSystems/GLSupport/src/GLX/OgreGLXWindow.cpp (line 257)
[ERROR] [1772291332.383249283] [rviz2]: RenderingAPIException: Invalid parentWindowHandle (wrong server or screen) in GLXWindow::create at ./.obj-x86_64-linux-gnu/ogre-v1.12.1-prefix/src/ogre-v1.12.1/RenderSystems/GLSupport/src/GLX/OgreGLXWindow.cpp (line 257)
[ERROR] [1772291332.383294589] [rviz2]: rviz::RenderSystem: error creating render window: RenderingAPIException: Invalid parentWindowHandle (wrong server or screen) in GLXWindow::create at ./.obj-x86_64-linux-gnu/ogre-v1.12.1-prefix/src/ogre-v1.12.1/RenderSystems/GLSupport/src/GLX/OgreGLXWindow.cpp (line 257)
[ERROR] [1772291332.383337086] [rviz2]: RenderingAPIException: Invalid parentWindowHandle (wrong server or screen) in GLXWindow::create at ./.obj-x86_64-linux-gnu/ogre-v1.12.1-prefix/src/ogre-v1.12.1/RenderSystems/GLSupport/src/GLX/OgreGLXWindow.cpp (line 257)
[ERROR] [1772291332.383370556] [rviz2]: rviz::RenderSystem: error creating render window: RenderingAPIException: Invalid parentWindowHandle (wrong server or screen) in GLXWindow::create at ./.obj-x86_64-linux-gnu/ogre-v1.12.1-prefix/src/ogre-v1.12.1/RenderSystems/GLSupport/src/GLX/OgreGLXWindow.cpp (line 257)
[ERROR] [1772291332.383415246] [rviz2]: RenderingAPIException: Invalid parentWindowHandle (wrong server or screen) in GLXWindow::create at ./.obj-x86_64-linux-gnu/ogre-v1.12.1-prefix/src/ogre-v1.12.1/RenderSystems/GLSupport/src/GLX/OgreGLXWindow.cpp (line 257)
[ERROR] [1772291332.383440981] [rviz2]: rviz::RenderSystem: error creating render window: RenderingAPIException: Invalid parentWindowHandle (wrong server or screen) in GLXWindow::create at ./.obj-x86_64-linux-gnu/ogre-v1.12.1-prefix/src/ogre-v1.12.1/RenderSystems/GLSupport/src/GLX/OgreGLXWindow.cpp (line 257)
[ERROR] [1772291332.383499548] [rviz2]: RenderingAPIException: Invalid parentWindowHandle (wrong server or screen) in GLXWindow::create at ./.obj-x86_64-linux-gnu/ogre-v1.12.1-prefix/src/ogre-v1.12.1/RenderSystems/GLSupport/src/GLX/OgreGLXWindow.cpp (line 257)
[ERROR] [1772291332.383540203] [rviz2]: rviz::RenderSystem: error creating render window: RenderingAPIException: Invalid parentWindowHandle (wrong server or screen) in GLXWindow::create at ./.obj-x86_64-linux-gnu/ogre-v1.12.1-prefix/src/ogre-v1.12.1/RenderSystems/GLSupport/src/GLX/OgreGLXWindow.cpp (line 257)
[ERROR] [1772291332.383572472] [rviz2]: RenderingAPIException: Invalid parentWindowHandle (wrong server or screen) in GLXWindow::create at ./.obj-x86_64-linux-gnu/ogre-v1.12.1-prefix/src/ogre-v1.12.1/RenderSystems/GLSupport/src/GLX/OgreGLXWindow.cpp (line 257)
[ERROR] [1772291332.383605140] [rviz2]: rviz::RenderSystem: error creating render window: RenderingAPIException: Invalid parentWindowHandle (wrong server or screen) in GLXWindow::create at ./.obj-x86_64-linux-gnu/ogre-v1.12.1-prefix/src/ogre-v1.12.1/RenderSystems/GLSupport/src/GLX/OgreGLXWindow.cpp (line 257)
[ERROR] [1772291332.383630315] [rviz2]: RenderingAPIException: Invalid parentWindowHandle (wrong server or screen) in GLXWindow::create at ./.obj-x86_64-linux-gnu/ogre-v1.12.1-prefix/src/ogre-v1.12.1/RenderSystems/GLSupport/src/GLX/OgreGLXWindow.cpp (line 257)
[ERROR] [1772291332.383642475] [rviz2]: rviz::RenderSystem: error creating render window: RenderingAPIException: Invalid parentWindowHandle (wrong server or screen) in GLXWindow::create at ./.obj-x86_64-linux-gnu/ogre-v1.12.1-prefix/src/ogre-v1.12.1/RenderSystems/GLSupport/src/GLX/OgreGLXWindow.cpp (line 257)
[ERROR] [1772291332.383662621] [rviz2]: RenderingAPIException: Invalid parentWindowHandle (wrong server or screen) in GLXWindow::create at ./.obj-x86_64-linux-gnu/ogre-v1.12.1-prefix/src/ogre-v1.12.1/RenderSystems/GLSupport/src/GLX/OgreGLXWindow.cpp (line 257)
[ERROR] [1772291332.383674347] [rviz2]: rviz::RenderSystem: error creating render window: RenderingAPIException: Invalid parentWindowHandle (wrong server or screen) in GLXWindow::create at ./.obj-x86_64-linux-gnu/ogre-v1.12.1-prefix/src/ogre-v1.12.1/RenderSystems/GLSupport/src/GLX/OgreGLXWindow.cpp (line 257)
[ERROR] [1772291332.383692699] [rviz2]: RenderingAPIException: Invalid parentWindowHandle (wrong server or screen) in GLXWindow::create at ./.obj-x86_64-linux-gnu/ogre-v1.12.1-prefix/src/ogre-v1.12.1/RenderSystems/GLSupport/src/GLX/OgreGLXWindow.cpp (line 257)
[ERROR] [1772291332.383703517] [rviz2]: rviz::RenderSystem: error creating render window: RenderingAPIException: Invalid parentWindowHandle (wrong server or screen) in GLXWindow::create at ./.obj-x86_64-linux-gnu/ogre-v1.12.1-prefix/src/ogre-v1.12.1/RenderSystems/GLSupport/src/GLX/OgreGLXWindow.cpp (line 257)
[ERROR] [1772291332.383722566] [rviz2]: RenderingAPIException: Invalid parentWindowHandle (wrong server or screen) in GLXWindow::create at ./.obj-x86_64-linux-gnu/ogre-v1.12.1-prefix/src/ogre-v1.12.1/RenderSystems/GLSupport/src/GLX/OgreGLXWindow.cpp (line 257)
[ERROR] [1772291332.383734161] [rviz2]: rviz::RenderSystem: error creating render window: RenderingAPIException: Invalid parentWindowHandle (wrong server or screen) in GLXWindow::create at ./.obj-x86_64-linux-gnu/ogre-v1.12.1-prefix/src/ogre-v1.12.1/RenderSystems/GLSupport/src/GLX/OgreGLXWindow.cpp (line 257)
[ERROR] [1772291332.383755665] [rviz2]: RenderingAPIException: Invalid parentWindowHandle (wrong server or screen) in GLXWindow::create at ./.obj-x86_64-linux-gnu/ogre-v1.12.1-prefix/src/ogre-v1.12.1/RenderSystems/GLSupport/src/GLX/OgreGLXWindow.cpp (line 257)
[ERROR] [1772291332.383766955] [rviz2]: rviz::RenderSystem: error creating render window: RenderingAPIException: Invalid parentWindowHandle (wrong server or screen) in GLXWindow::create at ./.obj-x86_64-linux-gnu/ogre-v1.12.1-prefix/src/ogre-v1.12.1/RenderSystems/GLSupport/src/GLX/OgreGLXWindow.cpp (line 257)
[ERROR] [1772291332.383789656] [rviz2]: RenderingAPIException: Invalid parentWindowHandle (wrong server or screen) in GLXWindow::create at ./.obj-x86_64-linux-gnu/ogre-v1.12.1-prefix/src/ogre-v1.12.1/RenderSystems/GLSupport/src/GLX/OgreGLXWindow.cpp (line 257)
[ERROR] [1772291332.383801274] [rviz2]: rviz::RenderSystem: error creating render window: RenderingAPIException: Invalid parentWindowHandle (wrong server or screen) in GLXWindow::create at ./.obj-x86_64-linux-gnu/ogre-v1.12.1-prefix/src/ogre-v1.12.1/RenderSystems/GLSupport/src/GLX/OgreGLXWindow.cpp (line 257)
[ERROR] [1772291332.383819546] [rviz2]: RenderingAPIException: Invalid parentWindowHandle (wrong server or screen) in GLXWindow::create at ./.obj-x86_64-linux-gnu/ogre-v1.12.1-prefix/src/ogre-v1.12.1/RenderSystems/GLSupport/src/GLX/OgreGLXWindow.cpp (line 257)
[ERROR] [1772291332.383836067] [rviz2]: rviz::RenderSystem: error creating render window: RenderingAPIException: Invalid parentWindowHandle (wrong server or screen) in GLXWindow::create at ./.obj-x86_64-linux-gnu/ogre-v1.12.1-prefix/src/ogre-v1.12.1/RenderSystems/GLSupport/src/GLX/OgreGLXWindow.cpp (line 257)
[ERROR] [1772291332.383861817] [rviz2]: RenderingAPIException: Invalid parentWindowHandle (wrong server or screen) in GLXWindow::create at ./.obj-x86_64-linux-gnu/ogre-v1.12.1-prefix/src/ogre-v1.12.1/RenderSystems/GLSupport/src/GLX/OgreGLXWindow.cpp (line 257)
[ERROR] [1772291332.383873248] [rviz2]: rviz::RenderSystem: error creating render window: RenderingAPIException: Invalid parentWindowHandle (wrong server or screen) in GLXWindow::create at ./.obj-x86_64-linux-gnu/ogre-v1.12.1-prefix/src/ogre-v1.12.1/RenderSystems/GLSupport/src/GLX/OgreGLXWindow.cpp (line 257)
[ERROR] [1772291332.383891843] [rviz2]: RenderingAPIException: Invalid parentWindowHandle (wrong server or screen) in GLXWindow::create at ./.obj-x86_64-linux-gnu/ogre-v1.12.1-prefix/src/ogre-v1.12.1/RenderSystems/GLSupport/src/GLX/OgreGLXWindow.cpp (line 257)
[ERROR] [1772291332.383903516] [rviz2]: rviz::RenderSystem: error creating render window: RenderingAPIException: Invalid parentWindowHandle (wrong server or screen) in GLXWindow::create at ./.obj-x86_64-linux-gnu/ogre-v1.12.1-prefix/src/ogre-v1.12.1/RenderSystems/GLSupport/src/GLX/OgreGLXWindow.cpp (line 257)
[ERROR] [1772291332.383925253] [rviz2]: RenderingAPIException: Invalid parentWindowHandle (wrong server or screen) in GLXWindow::create at ./.obj-x86_64-linux-gnu/ogre-v1.12.1-prefix/src/ogre-v1.12.1/RenderSystems/GLSupport/src/GLX/OgreGLXWindow.cpp (line 257)
[ERROR] [1772291332.383937154] [rviz2]: rviz::RenderSystem: error creating render window: RenderingAPIException: Invalid parentWindowHandle (wrong server or screen) in GLXWindow::create at ./.obj-x86_64-linux-gnu/ogre-v1.12.1-prefix/src/ogre-v1.12.1/RenderSystems/GLSupport/src/GLX/OgreGLXWindow.cpp (line 257)
[ERROR] [1772291332.383956349] [rviz2]: RenderingAPIException: Invalid parentWindowHandle (wrong server or screen) in GLXWindow::create at ./.obj-x86_64-linux-gnu/ogre-v1.12.1-prefix/src/ogre-v1.12.1/RenderSystems/GLSupport/src/GLX/OgreGLXWindow.cpp (line 257)
[ERROR] [1772291332.383968576] [rviz2]: rviz::RenderSystem: error creating render window: RenderingAPIException: Invalid parentWindowHandle (wrong server or screen) in GLXWindow::create at ./.obj-x86_64-linux-gnu/ogre-v1.12.1-prefix/src/ogre-v1.12.1/RenderSystems/GLSupport/src/GLX/OgreGLXWindow.cpp (line 257)
[ERROR] [1772291332.383996780] [rviz2]: RenderingAPIException: Invalid parentWindowHandle (wrong server or screen) in GLXWindow::create at ./.obj-x86_64-linux-gnu/ogre-v1.12.1-prefix/src/ogre-v1.12.1/RenderSystems/GLSupport/src/GLX/OgreGLXWindow.cpp (line 257)
[ERROR] [1772291332.384026401] [rviz2]: rviz::RenderSystem: error creating render window: RenderingAPIException: Invalid parentWindowHandle (wrong server or screen) in GLXWindow::create at ./.obj-x86_64-linux-gnu/ogre-v1.12.1-prefix/src/ogre-v1.12.1/RenderSystems/GLSupport/src/GLX/OgreGLXWindow.cpp (line 257)
[ERROR] [1772291332.384050777] [rviz2]: RenderingAPIException: Invalid parentWindowHandle (wrong server or screen) in GLXWindow::create at ./.obj-x86_64-linux-gnu/ogre-v1.12.1-prefix/src/ogre-v1.12.1/RenderSystems/GLSupport/src/GLX/OgreGLXWindow.cpp (line 257)
[ERROR] [1772291332.384058945] [rviz2]: rviz::RenderSystem: error creating render window: RenderingAPIException: Invalid parentWindowHandle (wrong server or screen) in GLXWindow::create at ./.obj-x86_64-linux-gnu/ogre-v1.12.1-prefix/src/ogre-v1.12.1/RenderSystems/GLSupport/src/GLX/OgreGLXWindow.cpp (line 257)
[ERROR] [1772291332.384075871] [rviz2]: RenderingAPIException: Invalid parentWindowHandle (wrong server or screen) in GLXWindow::create at ./.obj-x86_64-linux-gnu/ogre-v1.12.1-prefix/src/ogre-v1.12.1/RenderSystems/GLSupport/src/GLX/OgreGLXWindow.cpp (line 257)
[ERROR] [1772291332.384084636] [rviz2]: rviz::RenderSystem: error creating render window: RenderingAPIException: Invalid parentWindowHandle (wrong server or screen) in GLXWindow::create at ./.obj-x86_64-linux-gnu/ogre-v1.12.1-prefix/src/ogre-v1.12.1/RenderSystems/GLSupport/src/GLX/OgreGLXWindow.cpp (line 257)
[ERROR] [1772291332.384105011] [rviz2]: RenderingAPIException: Invalid parentWindowHandle (wrong server or screen) in GLXWindow::create at ./.obj-x86_64-linux-gnu/ogre-v1.12.1-prefix/src/ogre-v1.12.1/RenderSystems/GLSupport/src/GLX/OgreGLXWindow.cpp (line 257)
[ERROR] [1772291332.384112442] [rviz2]: rviz::RenderSystem: error creating render window: RenderingAPIException: Invalid parentWindowHandle (wrong server or screen) in GLXWindow::create at ./.obj-x86_64-linux-gnu/ogre-v1.12.1-prefix/src/ogre-v1.12.1/RenderSystems/GLSupport/src/GLX/OgreGLXWindow.cpp (line 257)
[ERROR] [1772291332.384126557] [rviz2]: RenderingAPIException: Invalid parentWindowHandle (wrong server or screen) in GLXWindow::create at ./.obj-x86_64-linux-gnu/ogre-v1.12.1-prefix/src/ogre-v1.12.1/RenderSystems/GLSupport/src/GLX/OgreGLXWindow.cpp (line 257)
[ERROR] [1772291332.384133899] [rviz2]: rviz::RenderSystem: error creating render window: RenderingAPIException: Invalid parentWindowHandle (wrong server or screen) in GLXWindow::create at ./.obj-x86_64-linux-gnu/ogre-v1.12.1-prefix/src/ogre-v1.12.1/RenderSystems/GLSupport/src/GLX/OgreGLXWindow.cpp (line 257)
[ERROR] [1772291332.384148091] [rviz2]: RenderingAPIException: Invalid parentWindowHandle (wrong server or screen) in GLXWindow::create at ./.obj-x86_64-linux-gnu/ogre-v1.12.1-prefix/src/ogre-v1.12.1/RenderSystems/GLSupport/src/GLX/OgreGLXWindow.cpp (line 257)
[ERROR] [1772291332.384156927] [rviz2]: rviz::RenderSystem: error creating render window: RenderingAPIException: Invalid parentWindowHandle (wrong server or screen) in GLXWindow::create at ./.obj-x86_64-linux-gnu/ogre-v1.12.1-prefix/src/ogre-v1.12.1/RenderSystems/GLSupport/src/GLX/OgreGLXWindow.cpp (line 257)
[ERROR] [1772291332.384171123] [rviz2]: RenderingAPIException: Invalid parentWindowHandle (wrong server or screen) in GLXWindow::create at ./.obj-x86_64-linux-gnu/ogre-v1.12.1-prefix/src/ogre-v1.12.1/RenderSystems/GLSupport/src/GLX/OgreGLXWindow.cpp (line 257)
[ERROR] [1772291332.384178906] [rviz2]: rviz::RenderSystem: error creating render window: RenderingAPIException: Invalid parentWindowHandle (wrong server or screen) in GLXWindow::create at ./.obj-x86_64-linux-gnu/ogre-v1.12.1-prefix/src/ogre-v1.12.1/RenderSystems/GLSupport/src/GLX/OgreGLXWindow.cpp (line 257)
[ERROR] [1772291332.384192691] [rviz2]: RenderingAPIException: Invalid parentWindowHandle (wrong server or screen) in GLXWindow::create at ./.obj-x86_64-linux-gnu/ogre-v1.12.1-prefix/src/ogre-v1.12.1/RenderSystems/GLSupport/src/GLX/OgreGLXWindow.cpp (line 257)
[ERROR] [1772291332.384199965] [rviz2]: rviz::RenderSystem: error creating render window: RenderingAPIException: Invalid parentWindowHandle (wrong server or screen) in GLXWindow::create at ./.obj-x86_64-linux-gnu/ogre-v1.12.1-prefix/src/ogre-v1.12.1/RenderSystems/GLSupport/src/GLX/OgreGLXWindow.cpp (line 257)
[ERROR] [1772291332.384214071] [rviz2]: RenderingAPIException: Invalid parentWindowHandle (wrong server or screen) in GLXWindow::create at ./.obj-x86_64-linux-gnu/ogre-v1.12.1-prefix/src/ogre-v1.12.1/RenderSystems/GLSupport/src/GLX/OgreGLXWindow.cpp (line 257)
[ERROR] [1772291332.384227365] [rviz2]: rviz::RenderSystem: error creating render window: RenderingAPIException: Invalid parentWindowHandle (wrong server or screen) in GLXWindow::create at ./.obj-x86_64-linux-gnu/ogre-v1.12.1-prefix/src/ogre-v1.12.1/RenderSystems/GLSupport/src/GLX/OgreGLXWindow.cpp (line 257)
[ERROR] [1772291332.384242787] [rviz2]: RenderingAPIException: Invalid parentWindowHandle (wrong server or screen) in GLXWindow::create at ./.obj-x86_64-linux-gnu/ogre-v1.12.1-prefix/src/ogre-v1.12.1/RenderSystems/GLSupport/src/GLX/OgreGLXWindow.cpp (line 257)
[ERROR] [1772291332.384251334] [rviz2]: rviz::RenderSystem: error creating render window: RenderingAPIException: Invalid parentWindowHandle (wrong server or screen) in GLXWindow::create at ./.obj-x86_64-linux-gnu/ogre-v1.12.1-prefix/src/ogre-v1.12.1/RenderSystems/GLSupport/src/GLX/OgreGLXWindow.cpp (line 257)
[ERROR] [1772291332.384270166] [rviz2]: RenderingAPIException: Invalid parentWindowHandle (wrong server or screen) in GLXWindow::create at ./.obj-x86_64-linux-gnu/ogre-v1.12.1-prefix/src/ogre-v1.12.1/RenderSystems/GLSupport/src/GLX/OgreGLXWindow.cpp (line 257)
[ERROR] [1772291332.384278422] [rviz2]: rviz::RenderSystem: error creating render window: RenderingAPIException: Invalid parentWindowHandle (wrong server or screen) in GLXWindow::create at ./.obj-x86_64-linux-gnu/ogre-v1.12.1-prefix/src/ogre-v1.12.1/RenderSystems/GLSupport/src/GLX/OgreGLXWindow.cpp (line 257)
[ERROR] [1772291332.384295012] [rviz2]: RenderingAPIException: Invalid parentWindowHandle (wrong server or screen) in GLXWindow::create at ./.obj-x86_64-linux-gnu/ogre-v1.12.1-prefix/src/ogre-v1.12.1/RenderSystems/GLSupport/src/GLX/OgreGLXWindow.cpp (line 257)
[ERROR] [1772291332.384303432] [rviz2]: rviz::RenderSystem: error creating render window: RenderingAPIException: Invalid parentWindowHandle (wrong server or screen) in GLXWindow::create at ./.obj-x86_64-linux-gnu/ogre-v1.12.1-prefix/src/ogre-v1.12.1/RenderSystems/GLSupport/src/GLX/OgreGLXWindow.cpp (line 257)
[ERROR] [1772291332.384318809] [rviz2]: RenderingAPIException: Invalid parentWindowHandle (wrong server or screen) in GLXWindow::create at ./.obj-x86_64-linux-gnu/ogre-v1.12.1-prefix/src/ogre-v1.12.1/RenderSystems/GLSupport/src/GLX/OgreGLXWindow.cpp (line 257)
[ERROR] [1772291332.384326890] [rviz2]: rviz::RenderSystem: error creating render window: RenderingAPIException: Invalid parentWindowHandle (wrong server or screen) in GLXWindow::create at ./.obj-x86_64-linux-gnu/ogre-v1.12.1-prefix/src/ogre-v1.12.1/RenderSystems/GLSupport/src/GLX/OgreGLXWindow.cpp (line 257)
[ERROR] [1772291332.384341511] [rviz2]: RenderingAPIException: Invalid parentWindowHandle (wrong server or screen) in GLXWindow::create at ./.obj-x86_64-linux-gnu/ogre-v1.12.1-prefix/src/ogre-v1.12.1/RenderSystems/GLSupport/src/GLX/OgreGLXWindow.cpp (line 257)
[ERROR] [1772291332.384354769] [rviz2]: rviz::RenderSystem: error creating render window: RenderingAPIException: Invalid parentWindowHandle (wrong server or screen) in GLXWindow::create at ./.obj-x86_64-linux-gnu/ogre-v1.12.1-prefix/src/ogre-v1.12.1/RenderSystems/GLSupport/src/GLX/OgreGLXWindow.cpp (line 257)
[ERROR] [1772291332.384372288] [rviz2]: RenderingAPIException: Invalid parentWindowHandle (wrong server or screen) in GLXWindow::create at ./.obj-x86_64-linux-gnu/ogre-v1.12.1-prefix/src/ogre-v1.12.1/RenderSystems/GLSupport/src/GLX/OgreGLXWindow.cpp (line 257)
[ERROR] [1772291332.384381071] [rviz2]: rviz::RenderSystem: error creating render window: RenderingAPIException: Invalid parentWindowHandle (wrong server or screen) in GLXWindow::create at ./.obj-x86_64-linux-gnu/ogre-v1.12.1-prefix/src/ogre-v1.12.1/RenderSystems/GLSupport/src/GLX/OgreGLXWindow.cpp (line 257)
[ERROR] [1772291332.384410745] [rviz2]: RenderingAPIException: Invalid parentWindowHandle (wrong server or screen) in GLXWindow::create at ./.obj-x86_64-linux-gnu/ogre-v1.12.1-prefix/src/ogre-v1.12.1/RenderSystems/GLSupport/src/GLX/OgreGLXWindow.cpp (line 257)
[ERROR] [1772291332.384422281] [rviz2]: rviz::RenderSystem: error creating render window: RenderingAPIException: Invalid parentWindowHandle (wrong server or screen) in GLXWindow::create at ./.obj-x86_64-linux-gnu/ogre-v1.12.1-prefix/src/ogre-v1.12.1/RenderSystems/GLSupport/src/GLX/OgreGLXWindow.cpp (line 257)
[ERROR] [1772291332.384437395] [rviz2]: RenderingAPIException: Invalid parentWindowHandle (wrong server or screen) in GLXWindow::create at ./.obj-x86_64-linux-gnu/ogre-v1.12.1-prefix/src/ogre-v1.12.1/RenderSystems/GLSupport/src/GLX/OgreGLXWindow.cpp (line 257)
[ERROR] [1772291332.384449556] [rviz2]: rviz::RenderSystem: error creating render window: RenderingAPIException: Invalid parentWindowHandle (wrong server or screen) in GLXWindow::create at ./.obj-x86_64-linux-gnu/ogre-v1.12.1-prefix/src/ogre-v1.12.1/RenderSystems/GLSupport/src/GLX/OgreGLXWindow.cpp (line 257)
[ERROR] [1772291332.384475265] [rviz2]: RenderingAPIException: Invalid parentWindowHandle (wrong server or screen) in GLXWindow::create at ./.obj-x86_64-linux-gnu/ogre-v1.12.1-prefix/src/ogre-v1.12.1/RenderSystems/GLSupport/src/GLX/OgreGLXWindow.cpp (line 257)
[ERROR] [1772291332.384482714] [rviz2]: rviz::RenderSystem: error creating render window: RenderingAPIException: Invalid parentWindowHandle (wrong server or screen) in GLXWindow::create at ./.obj-x86_64-linux-gnu/ogre-v1.12.1-prefix/src/ogre-v1.12.1/RenderSystems/GLSupport/src/GLX/OgreGLXWindow.cpp (line 257)
[ERROR] [1772291332.384498868] [rviz2]: RenderingAPIException: Invalid parentWindowHandle (wrong server or screen) in GLXWindow::create at ./.obj-x86_64-linux-gnu/ogre-v1.12.1-prefix/src/ogre-v1.12.1/RenderSystems/GLSupport/src/GLX/OgreGLXWindow.cpp (line 257)
[ERROR] [1772291332.384507297] [rviz2]: rviz::RenderSystem: error creating render window: RenderingAPIException: Invalid parentWindowHandle (wrong server or screen) in GLXWindow::create at ./.obj-x86_64-linux-gnu/ogre-v1.12.1-prefix/src/ogre-v1.12.1/RenderSystems/GLSupport/src/GLX/OgreGLXWindow.cpp (line 257)
[ERROR] [1772291332.384560583] [rviz2]: RenderingAPIException: Invalid parentWindowHandle (wrong server or screen) in GLXWindow::create at ./.obj-x86_64-linux-gnu/ogre-v1.12.1-prefix/src/ogre-v1.12.1/RenderSystems/GLSupport/src/GLX/OgreGLXWindow.cpp (line 257)
[ERROR] [1772291332.384590439] [rviz2]: rviz::RenderSystem: error creating render window: RenderingAPIException: Invalid parentWindowHandle (wrong server or screen) in GLXWindow::create at ./.obj-x86_64-linux-gnu/ogre-v1.12.1-prefix/src/ogre-v1.12.1/RenderSystems/GLSupport/src/GLX/OgreGLXWindow.cpp (line 257)
[ERROR] [1772291332.384626164] [rviz2]: RenderingAPIException: Invalid parentWindowHandle (wrong server or screen) in GLXWindow::create at ./.obj-x86_64-linux-gnu/ogre-v1.12.1-prefix/src/ogre-v1.12.1/RenderSystems/GLSupport/src/GLX/OgreGLXWindow.cpp (line 257)
[ERROR] [1772291332.384636777] [rviz2]: rviz::RenderSystem: error creating render window: RenderingAPIException: Invalid parentWindowHandle (wrong server or screen) in GLXWindow::create at ./.obj-x86_64-linux-gnu/ogre-v1.12.1-prefix/src/ogre-v1.12.1/RenderSystems/GLSupport/src/GLX/OgreGLXWindow.cpp (line 257)
[ERROR] [1772291332.384660672] [rviz2]: RenderingAPIException: Invalid parentWindowHandle (wrong server or screen) in GLXWindow::create at ./.obj-x86_64-linux-gnu/ogre-v1.12.1-prefix/src/ogre-v1.12.1/RenderSystems/GLSupport/src/GLX/OgreGLXWindow.cpp (line 257)
[ERROR] [1772291332.384667713] [rviz2]: rviz::RenderSystem: error creating render window: RenderingAPIException: Invalid parentWindowHandle (wrong server or screen) in GLXWindow::create at ./.obj-x86_64-linux-gnu/ogre-v1.12.1-prefix/src/ogre-v1.12.1/RenderSystems/GLSupport/src/GLX/OgreGLXWindow.cpp (line 257)
[ERROR] [1772291332.384717189] [rviz2]: RenderingAPIException: Invalid parentWindowHandle (wrong server or screen) in GLXWindow::create at ./.obj-x86_64-linux-gnu/ogre-v1.12.1-prefix/src/ogre-v1.12.1/RenderSystems/GLSupport/src/GLX/OgreGLXWindow.cpp (line 257)
[ERROR] [1772291332.384725069] [rviz2]: rviz::RenderSystem: error creating render window: RenderingAPIException: Invalid parentWindowHandle (wrong server or screen) in GLXWindow::create at ./.obj-x86_64-linux-gnu/ogre-v1.12.1-prefix/src/ogre-v1.12.1/RenderSystems/GLSupport/src/GLX/OgreGLXWindow.cpp (line 257)
[ERROR] [1772291332.384747458] [rviz2]: RenderingAPIException: Invalid parentWindowHandle (wrong server or screen) in GLXWindow::create at ./.obj-x86_64-linux-gnu/ogre-v1.12.1-prefix/src/ogre-v1.12.1/RenderSystems/GLSupport/src/GLX/OgreGLXWindow.cpp (line 257)
[ERROR] [1772291332.384756580] [rviz2]: rviz::RenderSystem: error creating render window: RenderingAPIException: Invalid parentWindowHandle (wrong server or screen) in GLXWindow::create at ./.obj-x86_64-linux-gnu/ogre-v1.12.1-prefix/src/ogre-v1.12.1/RenderSystems/GLSupport/src/GLX/OgreGLXWindow.cpp (line 257)
[ERROR] [17