[INFO] [1772290812.126483996] [rviz2]: Stereo is NOT SUPPORTED
[INFO] [1772290812.126645002] [rviz2]: OpenGl version: 4.6 (GLSL 4.6)
[ERROR] [1772290812.139911938] [rviz2]: RenderingAPIException: Invalid parentWindowHandle (wrong server or screen) in GLXWindow::create at ./.obj-x86_64-linux-gnu/ogre-v1.12.1-prefix/src/ogre-v1.12.1/RenderSystems/GLSupport/src/GLX/OgreGLXWindow.cpp (line 257)
[ERROR] [1772290812.140846884] [rviz2]: rviz::RenderSystem: error creating render window: RenderingAPIException: Invalid parentWindowHandle (wrong server or screen) in GLXWindow::create at ./.obj-x86_64-linux-gnu/ogre-v1.12.1-prefix/src/ogre-v1.12.1/RenderSystems/GLSupport/src/GLX/OgreGLXWindow.cpp (line 257)
[ERROR] [1772290812.141083177] [rviz2]: RenderingAPIException: Invalid parentWindowHandle (wrong server or screen) in GLXWindow::create at ./.obj-x86_64-linux-gnu/ogre-v1.12.1-prefix/src/ogre-v1.12.1/RenderSystems/GLSupport/src/GLX/OgreGLXWindow.cpp (line 257)
[ERROR] [1772290812.141142942] [rviz2]: rviz::RenderSystem: error creating render window: RenderingAPIException: Invalid parentWindowHandle (wrong server or screen) in GLXWindow::create at ./.obj-x86_64-linux-gnu/ogre-v1.12.1-prefix/src/ogre-v1.12.1/RenderSystems/GLSupport/src/GLX/OgreGLXWindow.cpp (line 257)
[ERROR] [1772290812.141271681] [rviz2]: RenderingAPIException: Invalid parentWindowHandle (wrong server or screen) in GLXWindow::create at ./.obj-x86_64-linux-gnu/ogre-v1.12.1-prefix/src/ogre-v1.12.1/RenderSystems/GLSupport/src/GLX/OgreGLXWindow.cpp (line 257)
[ERROR] [1772290812.141367099] [rviz2]: rviz::RenderSystem: error creating render window: RenderingAPIException: Invalid parentWindowHandle (wrong server or screen) in GLXWindow::create at ./.obj-x86_64-linux-gnu/ogre-v1.12.1-prefix/src/ogre-v1.12.1/RenderSystems/GLSupport/src/GLX/OgreGLXWindow.cpp (line 257)
[ERROR] [1772290812.141516905] [rviz2]: RenderingAPIException: Invalid parentWindowHandle (wrong server or screen) in GLXWindow::create at ./.obj-x86_64-linux-gnu/ogre-v1.12.1-prefix/src/ogre-v1.12.1/RenderSystems/GLSupport/src/GLX/OgreGLXWindow.cpp (line 257)
[ERROR] [1772290812.141599910] [rviz2]: rviz::RenderSystem: error creating render window: RenderingAPIException: Invalid parentWindowHandle (wrong server or screen) in GLXWindow::create at ./.obj-x86_64-linux-gnu/ogre-v1.12.1-prefix/src/ogre-v1.12.1/RenderSystems/GLSupport/src/GLX/OgreGLXWindow.cpp (line 257)
[ERROR] [1772290812.141742008] [rviz2]: RenderingAPIException: Invalid parentWindowHandle (wrong server or screen) in GLXWindow::create at ./.obj-x86_64-linux-gnu/ogre-v1.12.1-prefix/src/ogre-v1.12.1/RenderSystems/GLSupport/src/GLX/OgreGLXWindow.cpp (line 257)
[ERROR] [1772290812.141789739] [rviz2]: rviz::RenderSystem: error creating render window: RenderingAPIException: Invalid parentWindowHandle (wrong server or screen) in GLXWindow::create at ./.obj-x86_64-linux-gnu/ogre-v1.12.1-prefix/src/ogre-v1.12.1/RenderSystems/GLSupport/src/GLX/OgreGLXWindow.cpp (line 257)
[ERROR] [1772290812.141881737] [rviz2]: RenderingAPIException: Invalid parentWindowHandle (wrong server or screen) in GLXWindow::create at ./.obj-x86_64-linux-gnu/ogre-v1.12.1-prefix/src/ogre-v1.12.1/RenderSystems/GLSupport/src/GLX/OgreGLXWindow.cpp (line 257)
[ERROR] [1772290812.141941303] [rviz2]: rviz::RenderSystem: error creating render window: RenderingAPIException: Invalid parentWindowHandle (wrong server or screen) in GLXWindow::create at ./.obj-x86_64-linux-gnu/ogre-v1.12.1-prefix/src/ogre-v1.12.1/RenderSystems/GLSupport/src/GLX/OgreGLXWindow.cpp (line 257)
[ERROR] [1772290812.142040819] [rviz2]: RenderingAPIException: Invalid parentWindowHandle (wrong server or screen) in GLXWindow::create at ./.obj-x86_64-linux-gnu/ogre-v1.12.1-prefix/src/ogre-v1.12.1/RenderSystems/GLSupport/src/GLX/OgreGLXWindow.cpp (line 257)
[ERROR] [1772290812.142106988] [rviz2]: rviz::RenderSystem: error creating render window: RenderingAPIException: Invalid parentWindowHandle (wrong server or screen) in GLXWindow::create at ./.obj-x86_64-linux-gnu/ogre-v1.12.1-prefix/src/ogre-v1.12.1/RenderSystems/GLSupport/src/GLX/OgreGLXWindow.cpp (line 257)
[ERROR] [1772290812.142289161] [rviz2]: RenderingAPIException: Invalid parentWindowHandle (wrong server or screen) in GLXWindow::create at ./.obj-x86_64-linux-gnu/ogre-v1.12.1-prefix/src/ogre-v1.12.1/RenderSystems/GLSupport/src/GLX/OgreGLXWindow.cpp (line 257)
[ERROR] [1772290812.142387304] [rviz2]: rviz::RenderSystem: error creating render window: RenderingAPIException: Invalid parentWindowHandle (wrong server or screen) in GLXWindow::create at ./.obj-x86_64-linux-gnu/ogre-v1.12.1-prefix/src/ogre-v1.12.1/RenderSystems/GLSupport/src/GLX/OgreGLXWindow.cpp (line 257)
[ERROR] [1772290812.142497347] [rviz2]: RenderingAPIException: Invalid parentWindowHandle (wrong server or screen) in GLXWindow::create at ./.obj-x86_64-linux-gnu/ogre-v1.12.1-prefix/src/ogre-v1.12.1/RenderSystems/GLSupport/src/GLX/OgreGLXWindow.cpp (line 257)
[ERROR] [1772290812.142549472] [rviz2]: rviz::RenderSystem: error creating render window: RenderingAPIException: Invalid parentWindowHandle (wrong server or screen) in GLXWindow::create at ./.obj-x86_64-linux-gnu/ogre-v1.12.1-prefix/src/ogre-v1.12.1/RenderSystems/GLSupport/src/GLX/OgreGLXWindow.cpp (line 257)
[ERROR] [1772290812.142687511] [rviz2]: RenderingAPIException: Invalid parentWindowHandle (wrong server or screen) in GLXWindow::create at ./.obj-x86_64-linux-gnu/ogre-v1.12.1-prefix/src/ogre-v1.12.1/RenderSystems/GLSupport/src/GLX/OgreGLXWindow.cpp (line 257)
[ERROR] [1772290812.142746557] [rviz2]: rviz::RenderSystem: error creating render window: RenderingAPIException: Invalid parentWindowHandle (wrong server or screen) in GLXWindow::create at ./.obj-x86_64-linux-gnu/ogre-v1.12.1-prefix/src/ogre-v1.12.1/RenderSystems/GLSupport/src/GLX/OgreGLXWindow.cpp (line 257)
[ERROR] [1772290812.142911481] [rviz2]: RenderingAPIException: Invalid parentWindowHandle (wrong server or screen) in GLXWindow::create at ./.obj-x86_64-linux-gnu/ogre-v1.12.1-prefix/src/ogre-v1.12.1/RenderSystems/GLSupport/src/GLX/OgreGLXWindow.cpp (line 257)
[ERROR] [1772290812.142997344] [rviz2]: rviz::RenderSystem: error creating render window: RenderingAPIException: Invalid parentWindowHandle (wrong server or screen) in GLXWindow::create at ./.obj-x86_64-linux-gnu/ogre-v1.12.1-prefix/src/ogre-v1.12.1/RenderSystems/GLSupport/src/GLX/OgreGLXWindow.cpp (line 257)
[ERROR] [1772290812.143119546] [rviz2]: RenderingAPIException: Invalid parentWindowHandle (wrong server or screen) in GLXWindow::create at ./.obj-x86_64-linux-gnu/ogre-v1.12.1-prefix/src/ogre-v1.12.1/RenderSystems/GLSupport/src/GLX/OgreGLXWindow.cpp (line 257)
[ERROR] [1772290812.143266256] [rviz2]: rviz::RenderSystem: error creating render window: RenderingAPIException: Invalid parentWindowHandle (wrong server or screen) in GLXWindow::create at ./.obj-x86_64-linux-gnu/ogre-v1.12.1-prefix/src/ogre-v1.12.1/RenderSystems/GLSupport/src/GLX/OgreGLXWindow.cpp (line 257)
[ERROR] [1772290812.143446918] [rviz2]: RenderingAPIException: Invalid parentWindowHandle (wrong server or screen) in GLXWindow::create at ./.obj-x86_64-linux-gnu/ogre-v1.12.1-prefix/src/ogre-v1.12.1/RenderSystems/GLSupport/src/GLX/OgreGLXWindow.cpp (line 257)
[ERROR] [1772290812.143541033] [rviz2]: rviz::RenderSystem: error creating render window: RenderingAPIException: Invalid parentWindowHandle (wrong server or screen) in GLXWindow::create at ./.obj-x86_64-linux-gnu/ogre-v1.12.1-prefix/src/ogre-v1.12.1/RenderSystems/GLSupport/src/GLX/OgreGLXWindow.cpp (line 257)
[ERROR] [1772290812.143778619] [rviz2]: RenderingAPIException: Invalid parentWindowHandle (wrong server or screen) in GLXWindow::create at ./.obj-x86_64-linux-gnu/ogre-v1.12.1-prefix/src/ogre-v1.12.1/RenderSystems/GLSupport/src/GLX/OgreGLXWindow.cpp (line 257)
[ERROR] [1772290812.143847465] [rviz2]: rviz::RenderSystem: error creating render window: RenderingAPIException: Invalid parentWindowHandle (wrong server or screen) in GLXWindow::create at ./.obj-x86_64-linux-gnu/ogre-v1.12.1-prefix/src/ogre-v1.12.1/RenderSystems/GLSupport/src/GLX/OgreGLXWindow.cpp (line 257)
[ERROR] [1772290812.143955370] [rviz2]: RenderingAPIException: Invalid parentWindowHandle (wrong server or screen) in GLXWindow::create at ./.obj-x86_64-linux-gnu/ogre-v1.12.1-prefix/src/ogre-v1.12.1/RenderSystems/GLSupport/src/GLX/OgreGLXWindow.cpp (line 257)
[ERROR] [1772290812.144054202] [rviz2]: rviz::RenderSystem: error creating render window: RenderingAPIException: Invalid parentWindowHandle (wrong server or screen) in GLXWindow::create at ./.obj-x86_64-linux-gnu/ogre-v1.12.1-prefix/src/ogre-v1.12.1/RenderSystems/GLSupport/src/GLX/OgreGLXWindow.cpp (line 257)
[ERROR] [1772290812.144155887] [rviz2]: RenderingAPIException: Invalid parentWindowHandle (wrong server or screen) in GLXWindow::create at ./.obj-x86_64-linux-gnu/ogre-v1.12.1-prefix/src/ogre-v1.12.1/RenderSystems/GLSupport/src/GLX/OgreGLXWindow.cpp (line 257)
[ERROR] [1772290812.144210120] [rviz2]: rviz::RenderSystem: error creating render window: RenderingAPIException: Invalid parentWindowHandle (wrong server or screen) in GLXWindow::create at ./.obj-x86_64-linux-gnu/ogre-v1.12.1-prefix/src/ogre-v1.12.1/RenderSystems/GLSupport/src/GLX/OgreGLXWindow.cpp (line 257)
[ERROR] [1772290812.144266388] [rviz2]: RenderingAPIException: Invalid parentWindowHandle (wrong server or screen) in GLXWindow::create at ./.obj-x86_64-linux-gnu/ogre-v1.12.1-prefix/src/ogre-v1.12.1/RenderSystems/GLSupport/src/GLX/OgreGLXWindow.cpp (line 257)
[ERROR] [1772290812.144280435] [rviz2]: rviz::RenderSystem: error creating render window: RenderingAPIException: Invalid parentWindowHandle (wrong server or screen) in GLXWindow::create at ./.obj-x86_64-linux-gnu/ogre-v1.12.1-prefix/src/ogre-v1.12.1/RenderSystems/GLSupport/src/GLX/OgreGLXWindow.cpp (line 257)
[ERROR] [1772290812.144318726] [rviz2]: RenderingAPIException: Invalid parentWindowHandle (wrong server or screen) in GLXWindow::create at ./.obj-x86_64-linux-gnu/ogre-v1.12.1-prefix/src/ogre-v1.12.1/RenderSystems/GLSupport/src/GLX/OgreGLXWindow.cpp (line 257)
[ERROR] [1772290812.144336893] [rviz2]: rviz::RenderSystem: error creating render window: RenderingAPIException: Invalid parentWindowHandle (wrong server or screen) in GLXWindow::create at ./.obj-x86_64-linux-gnu/ogre-v1.12.1-prefix/src/ogre-v1.12.1/RenderSystems/GLSupport/src/GLX/OgreGLXWindow.cpp (line 257)
[ERROR] [1772290812.144412624] [rviz2]: RenderingAPIException: Invalid parentWindowHandle (wrong server or screen) in GLXWindow::create at ./.obj-x86_64-linux-gnu/ogre-v1.12.1-prefix/src/ogre-v1.12.1/RenderSystems/GLSupport/src/GLX/OgreGLXWindow.cpp (line 257)
[ERROR] [1772290812.144428709] [rviz2]: rviz::RenderSystem: error creating render window: RenderingAPIException: Invalid parentWindowHandle (wrong server or screen) in GLXWindow::create at ./.obj-x86_64-linux-gnu/ogre-v1.12.1-prefix/src/ogre-v1.12.1/RenderSystems/GLSupport/src/GLX/OgreGLXWindow.cpp (line 257)
[ERROR] [1772290812.144465750] [rviz2]: RenderingAPIException: Invalid parentWindowHandle (wrong server or screen) in GLXWindow::create at ./.obj-x86_64-linux-gnu/ogre-v1.12.1-prefix/src/ogre-v1.12.1/RenderSystems/GLSupport/src/GLX/OgreGLXWindow.cpp (line 257)
[ERROR] [1772290812.144477509] [rviz2]: rviz::RenderSystem: error creating render window: RenderingAPIException: Invalid parentWindowHandle (wrong server or screen) in GLXWindow::create at ./.obj-x86_64-linux-gnu/ogre-v1.12.1-prefix/src/ogre-v1.12.1/RenderSystems/GLSupport/src/GLX/OgreGLXWindow.cpp (line 257)
[ERROR] [1772290812.144512226] [rviz2]: RenderingAPIException: Invalid parentWindowHandle (wrong server or screen) in GLXWindow::create at ./.obj-x86_64-linux-gnu/ogre-v1.12.1-prefix/src/ogre-v1.12.1/RenderSystems/GLSupport/src/GLX/OgreGLXWindow.cpp (line 257)
[ERROR] [1772290812.144523500] [rviz2]: rviz::RenderSystem: error creating render window: RenderingAPIException: Invalid parentWindowHandle (wrong server or screen) in GLXWindow::create at ./.obj-x86_64-linux-gnu/ogre-v1.12.1-prefix/src/ogre-v1.12.1/RenderSystems/GLSupport/src/GLX/OgreGLXWindow.cpp (line 257)
[ERROR] [1772290812.144558669] [rviz2]: RenderingAPIException: Invalid parentWindowHandle (wrong server or screen) in GLXWindow::create at ./.obj-x86_64-linux-gnu/ogre-v1.12.1-prefix/src/ogre-v1.12.1/RenderSystems/GLSupport/src/GLX/OgreGLXWindow.cpp (line 257)
[ERROR] [1772290812.144593765] [rviz2]: rviz::RenderSystem: error creating render window: RenderingAPIException: Invalid parentWindowHandle (wrong server or screen) in GLXWindow::create at ./.obj-x86_64-linux-gnu/ogre-v1.12.1-prefix/src/ogre-v1.12.1/RenderSystems/GLSupport/src/GLX/OgreGLXWindow.cpp (line 257)
[ERROR] [1772290812.144628142] [rviz2]: RenderingAPIException: Invalid parentWindowHandle (wrong server or screen) in GLXWindow::create at ./.obj-x86_64-linux-gnu/ogre-v1.12.1-prefix/src/ogre-v1.12.1/RenderSystems/GLSupport/src/GLX/OgreGLXWindow.cpp (line 257)
[ERROR] [1772290812.144639613] [rviz2]: rviz::RenderSystem: error creating render window: RenderingAPIException: Invalid parentWindowHandle (wrong server or screen) in GLXWindow::create at ./.obj-x86_64-linux-gnu/ogre-v1.12.1-prefix/src/ogre-v1.12.1/RenderSystems/GLSupport/src/GLX/OgreGLXWindow.cpp (line 257)
[ERROR] [1772290812.144674312] [rviz2]: RenderingAPIException: Invalid parentWindowHandle (wrong server or screen) in GLXWindow::create at ./.obj-x86_64-linux-gnu/ogre-v1.12.1-prefix/src/ogre-v1.12.1/RenderSystems/GLSupport/src/GLX/OgreGLXWindow.cpp (line 257)
[ERROR] [1772290812.144691706] [rviz2]: rviz::RenderSystem: error creating render window: RenderingAPIException: Invalid parentWindowHandle (wrong server or screen) in GLXWindow::create at ./.obj-x86_64-linux-gnu/ogre-v1.12.1-prefix/src/ogre-v1.12.1/RenderSystems/GLSupport/src/GLX/OgreGLXWindow.cpp (line 257)
[ERROR] [1772290812.144726000] [rviz2]: RenderingAPIException: Invalid parentWindowHandle (wrong server or screen) in GLXWindow::create at ./.obj-x86_64-linux-gnu/ogre-v1.12.1-prefix/src/ogre-v1.12.1/RenderSystems/GLSupport/src/GLX/OgreGLXWindow.cpp (line 257)
[ERROR] [1772290812.144738866] [rviz2]: rviz::RenderSystem: error creating render window: RenderingAPIException: Invalid parentWindowHandle (wrong server or screen) in GLXWindow::create at ./.obj-x86_64-linux-gnu/ogre-v1.12.1-prefix/src/ogre-v1.12.1/RenderSystems/GLSupport/src/GLX/OgreGLXWindow.cpp (line 257)
[ERROR] [1772290812.144810860] [rviz2]: RenderingAPIException: Invalid parentWindowHandle (wrong server or screen) in GLXWindow::create at ./.obj-x86_64-linux-gnu/ogre-v1.12.1-prefix/src/ogre-v1.12.1/RenderSystems/GLSupport/src/GLX/OgreGLXWindow.cpp (line 257)
[ERROR] [1772290812.144886683] [rviz2]: rviz::RenderSystem: error creating render window: RenderingAPIException: Invalid parentWindowHandle (wrong server or screen) in GLXWindow::create at ./.obj-x86_64-linux-gnu/ogre-v1.12.1-prefix/src/ogre-v1.12.1/RenderSystems/GLSupport/src/GLX/OgreGLXWindow.cpp (line 257)
[ERROR] [1772290812.144967302] [rviz2]: RenderingAPIException: Invalid parentWindowHandle (wrong server or screen) in GLXWindow::create at ./.obj-x86_64-linux-gnu/ogre-v1.12.1-prefix/src/ogre-v1.12.1/RenderSystems/GLSupport/src/GLX/OgreGLXWindow.cpp (line 257)
[ERROR] [1772290812.145007891] [rviz2]: rviz::RenderSystem: error creating render window: RenderingAPIException: Invalid parentWindowHandle (wrong server or screen) in GLXWindow::create at ./.obj-x86_64-linux-gnu/ogre-v1.12.1-prefix/src/ogre-v1.12.1/RenderSystems/GLSupport/src/GLX/OgreGLXWindow.cpp (line 257)
[ERROR] [1772290812.145146927] [rviz2]: RenderingAPIException: Invalid parentWindowHandle (wrong server or screen) in GLXWindow::create at ./.obj-x86_64-linux-gnu/ogre-v1.12.1-prefix/src/ogre-v1.12.1/RenderSystems/GLSupport/src/GLX/OgreGLXWindow.cpp (line 257)
[ERROR] [1772290812.145243895] [rviz2]: rviz::RenderSystem: error creating render window: RenderingAPIException: Invalid parentWindowHandle (wrong server or screen) in GLXWindow::create at ./.obj-x86_64-linux-gnu/ogre-v1.12.1-prefix/src/ogre-v1.12.1/RenderSystems/GLSupport/src/GLX/OgreGLXWindow.cpp (line 257)
[ERROR] [1772290812.145471037] [rviz2]: RenderingAPIException: Invalid parentWindowHandle (wrong server or screen) in GLXWindow::create at ./.obj-x86_64-linux-gnu/ogre-v1.12.1-prefix/src/ogre-v1.12.1/RenderSystems/GLSupport/src/GLX/OgreGLXWindow.cpp (line 257)
[ERROR] [1772290812.145600390] [rviz2]: rviz::RenderSystem: error creating render window: RenderingAPIException: Invalid parentWindowHandle (wrong server or screen) in GLXWindow::create at ./.obj-x86_64-linux-gnu/ogre-v1.12.1-prefix/src/ogre-v1.12.1/RenderSystems/GLSupport/src/GLX/OgreGLXWindow.cpp (line 257)
[ERROR] [1772290812.145813848] [rviz2]: RenderingAPIException: Invalid parentWindowHandle (wrong server or screen) in GLXWindow::create at ./.obj-x86_64-linux-gnu/ogre-v1.12.1-prefix/src/ogre-v1.12.1/RenderSystems/GLSupport/src/GLX/OgreGLXWindow.cpp (line 257)
[ERROR] [1772290812.145891861] [rviz2]: rviz::RenderSystem: error creating render window: RenderingAPIException: Invalid parentWindowHandle (wrong server or screen) in GLXWindow::create at ./.obj-x86_64-linux-gnu/ogre-v1.12.1-prefix/src/ogre-v1.12.1/RenderSystems/GLSupport/src/GLX/OgreGLXWindow.cpp (line 257)
[ERROR] [1772290812.145988838] [rviz2]: RenderingAPIException: Invalid parentWindowHandle (wrong server or screen) in GLXWindow::create at ./.obj-x86_64-linux-gnu/ogre-v1.12.1-prefix/src/ogre-v1.12.1/RenderSystems/GLSupport/src/GLX/OgreGLXWindow.cpp (line 257)
[ERROR] [1772290812.146033228] [rviz2]: rviz::RenderSystem: error creating render window: RenderingAPIException: Invalid parentWindowHandle (wrong server or screen) in GLXWindow::create at ./.obj-x86_64-linux-gnu/ogre-v1.12.1-prefix/src/ogre-v1.12.1/RenderSystems/GLSupport/src/GLX/OgreGLXWindow.cpp (line 257)
[ERROR] [1772290812.146116455] [rviz2]: RenderingAPIException: Invalid parentWindowHandle (wrong server or screen) in GLXWindow::create at ./.obj-x86_64-linux-gnu/ogre-v1.12.1-prefix/src/ogre-v1.12.1/RenderSystems/GLSupport/src/GLX/OgreGLXWindow.cpp (line 257)
[ERROR] [1772290812.146152953] [rviz2]: rviz::RenderSystem: error creating render window: RenderingAPIException: Invalid parentWindowHandle (wrong server or screen) in GLXWindow::create at ./.obj-x86_64-linux-gnu/ogre-v1.12.1-prefix/src/ogre-v1.12.1/RenderSystems/GLSupport/src/GLX/OgreGLXWindow.cpp (line 257)
[ERROR] [1772290812.146195517] [rviz2]: RenderingAPIException: Invalid parentWindowHandle (wrong server or screen) in GLXWindow::create at ./.obj-x86_64-linux-gnu/ogre-v1.12.1-prefix/src/ogre-v1.12.1/RenderSystems/GLSupport/src/GLX/OgreGLXWindow.cpp (line 257)
[ERROR] [1772290812.146207002] [rviz2]: rviz::RenderSystem: error creating render window: RenderingAPIException: Invalid parentWindowHandle (wrong server or screen) in GLXWindow::create at ./.obj-x86_64-linux-gnu/ogre-v1.12.1-prefix/src/ogre-v1.12.1/RenderSystems/GLSupport/src/GLX/OgreGLXWindow.cpp (line 257)
[ERROR] [1772290812.146239730] [rviz2]: RenderingAPIException: Invalid parentWindowHandle (wrong server or screen) in GLXWindow::create at ./.obj-x86_64-linux-gnu/ogre-v1.12.1-prefix/src/ogre-v1.12.1/RenderSystems/GLSupport/src/GLX/OgreGLXWindow.cpp (line 257)
[ERROR] [1772290812.146250407] [rviz2]: rviz::RenderSystem: error creating render window: RenderingAPIException: Invalid parentWindowHandle (wrong server or screen) in GLXWindow::create at ./.obj-x86_64-linux-gnu/ogre-v1.12.1-prefix/src/ogre-v1.12.1/RenderSystems/GLSupport/src/GLX/OgreGLXWindow.cpp (line 257)
[ERROR] [1772290812.146281891] [rviz2]: RenderingAPIException: Invalid parentWindowHandle (wrong server or screen) in GLXWindow::create at ./.obj-x86_64-linux-gnu/ogre-v1.12.1-prefix/src/ogre-v1.12.1/RenderSystems/GLSupport/src/GLX/OgreGLXWindow.cpp (line 257)
[ERROR] [1772290812.146292403] [rviz2]: rviz::RenderSystem: error creating render window: RenderingAPIException: Invalid parentWindowHandle (wrong server or screen) in GLXWindow::create at ./.obj-x86_64-linux-gnu/ogre-v1.12.1-prefix/src/ogre-v1.12.1/RenderSystems/GLSupport/src/GLX/OgreGLXWindow.cpp (line 257)
[ERROR] [1772290812.146331074] [rviz2]: RenderingAPIException: Invalid parentWindowHandle (wrong server or screen) in GLXWindow::create at ./.obj-x86_64-linux-gnu/ogre-v1.12.1-prefix/src/ogre-v1.12.1/RenderSystems/GLSupport/src/GLX/OgreGLXWindow.cpp (line 257)
[ERROR] [1772290812.146360196] [rviz2]: rviz::RenderSystem: error creating render window: RenderingAPIException: Invalid parentWindowHandle (wrong server or screen) in GLXWindow::create at ./.obj-x86_64-linux-gnu/ogre-v1.12.1-prefix/src/ogre-v1.12.1/RenderSystems/GLSupport/src/GLX/OgreGLXWindow.cpp (line 257)
[ERROR] [1772290812.146443855] [rviz2]: RenderingAPIException: Invalid parentWindowHandle (wrong server or screen) in GLXWindow::create at ./.obj-x86_64-linux-gnu/ogre-v1.12.1-prefix/src/ogre-v1.12.1/RenderSystems/GLSupport/src/GLX/OgreGLXWindow.cpp (line 257)
[ERROR] [1772290812.146459925] [rviz2]: rviz::RenderSystem: error creating render window: RenderingAPIException: Invalid parentWindowHandle (wrong server or screen) in GLXWindow::create at ./.obj-x86_64-linux-gnu/ogre-v1.12.1-prefix/src/ogre-v1.12.1/RenderSystems/GLSupport/src/GLX/OgreGLXWindow.cpp (line 257)
[ERROR] [1772290812.146508764] [rviz2]: RenderingAPIException: Invalid parentWindowHandle (wrong server or screen) in GLXWindow::create at ./.obj-x86_64-linux-gnu/ogre-v1.12.1-prefix/src/ogre-v1.12.1/RenderSystems/GLSupport/src/GLX/OgreGLXWindow.cpp (line 257)
[ERROR] [1772290812.146525106] [rviz2]: rviz::RenderSystem: error creating render window: RenderingAPIException: Invalid parentWindowHandle (wrong server or screen) in GLXWindow::create at ./.obj-x86_64-linux-gnu/ogre-v1.12.1-prefix/src/ogre-v1.12.1/RenderSystems/GLSupport/src/GLX/OgreGLXWindow.cpp (line 257)
[ERROR] [1772290812.146548687] [rviz2]: RenderingAPIException: Invalid parentWindowHandle (wrong server or screen) in GLXWindow::create at ./.obj-x86_64-linux-gnu/ogre-v1.12.1-prefix/src/ogre-v1.12.1/RenderSystems/GLSupport/src/GLX/OgreGLXWindow.cpp (line 257)
[ERROR] [1772290812.146560159] [rviz2]: rviz::RenderSystem: error creating render window: RenderingAPIException: Invalid parentWindowHandle (wrong server or screen) in GLXWindow::create at ./.obj-x86_64-linux-gnu/ogre-v1.12.1-prefix/src/ogre-v1.12.1/RenderSystems/GLSupport/src/GLX/OgreGLXWindow.cpp (line 257)
[ERROR] [1772290812.146581314] [rviz2]: RenderingAPIException: Invalid parentWindowHandle (wrong server or screen) in GLXWindow::create at ./.obj-x86_64-linux-gnu/ogre-v1.12.1-prefix/src/ogre-v1.12.1/RenderSystems/GLSupport/src/GLX/OgreGLXWindow.cpp (line 257)
[ERROR] [1772290812.146592451] [rviz2]: rviz::RenderSystem: error creating render window: RenderingAPIException: Invalid parentWindowHandle (wrong server or screen) in GLXWindow::create at ./.obj-x86_64-linux-gnu/ogre-v1.12.1-prefix/src/ogre-v1.12.1/RenderSystems/GLSupport/src/GLX/OgreGLXWindow.cpp (line 257)
[ERROR] [1772290812.146612898] [rviz2]: RenderingAPIException: Invalid parentWindowHandle (wrong server or screen) in GLXWindow::create at ./.obj-x86_64-linux-gnu/ogre-v1.12.1-prefix/src/ogre-v1.12.1/RenderSystems/GLSupport/src/GLX/OgreGLXWindow.cpp (line 257)
[ERROR] [1772290812.146623466] [rviz2]: rviz::RenderSystem: error creating render window: RenderingAPIException: Invalid parentWindowHandle (wrong server or screen) in GLXWindow::create at ./.obj-x86_64-linux-gnu/ogre-v1.12.1-prefix/src/ogre-v1.12.1/RenderSystems/GLSupport/src/GLX/OgreGLXWindow.cpp (line 257)
[ERROR] [1772290812.146643444] [rviz2]: RenderingAPIException: Invalid parentWindowHandle (wrong server or screen) in GLXWindow::create at ./.obj-x86_64-linux-gnu/ogre-v1.12.1-prefix/src/ogre-v1.12.1/RenderSystems/GLSupport/src/GLX/OgreGLXWindow.cpp (line 257)
[ERROR] [1772290812.146655226] [rviz2]: rviz::RenderSystem: error creating render window: RenderingAPIException: Invalid parentWindowHandle (wrong server or screen) in GLXWindow::create at ./.obj-x86_64-linux-gnu/ogre-v1.12.1-prefix/src/ogre-v1.12.1/RenderSystems/GLSupport/src/GLX/OgreGLXWindow.cpp (line 257)
[ERROR] [1772290812.146675270] [rviz2]: RenderingAPIException: Invalid parentWindowHandle (wrong server or screen) in GLXWindow::create at ./.obj-x86_64-linux-gnu/ogre-v1.12.1-prefix/src/ogre-v1.12.1/RenderSystems/GLSupport/src/GLX/OgreGLXWindow.cpp (line 257)
[ERROR] [1772290812.146686296] [rviz2]: rviz::RenderSystem: error creating render window: RenderingAPIException: Invalid parentWindowHandle (wrong server or screen) in GLXWindow::create at ./.obj-x86_64-linux-gnu/ogre-v1.12.1-prefix/src/ogre-v1.12.1/RenderSystems/GLSupport/src/GLX/OgreGLXWindow.cpp (line 257)
[ERROR] [1772290812.146717123] [rviz2]: RenderingAPIException: Invalid parentWindowHandle (wrong server or screen) in GLXWindow::create at ./.obj-x86_64-linux-gnu/ogre-v1.12.1-prefix/src/ogre-v1.12.1/RenderSystems/GLSupport/src/GLX/OgreGLXWindow.cpp (line 257)
[ERROR] [1772290812.146727986] [rviz2]: rviz::RenderSystem: error creating render window: RenderingAPIException: Invalid parentWindowHandle (wrong server or screen) in GLXWindow::create at ./.obj-x86_64-linux-gnu/ogre-v1.12.1-prefix/src/ogre-v1.12.1/RenderSystems/GLSupport/src/GLX/OgreGLXWindow.cpp (line 257)
[ERROR] [1772290812.146748282] [rviz2]: RenderingAPIException: Invalid parentWindowHandle (wrong server or screen) in GLXWindow::create at ./.obj-x86_64-linux-gnu/ogre-v1.12.1-prefix/src/ogre-v1.12.1/RenderSystems/GLSupport/src/GLX/OgreGLXWindow.cpp (line 257)
[ERROR] [1772290812.146759322] [rviz2]: rviz::RenderSystem: error creating render window: RenderingAPIException: Invalid parentWindowHandle (wrong server or screen) in GLXWindow::create at ./.obj-x86_64-linux-gnu/ogre-v1.12.1-prefix/src/ogre-v1.12.1/RenderSystems/GLSupport/src/GLX/OgreGLXWindow.cpp (line 257)
[ERROR] [1772290812.146779310] [rviz2]: RenderingAPIException: Invalid parentWindowHandle (wrong server or screen) in GLXWindow::create at ./.obj-x86_64-linux-gnu/ogre-v1.12.1-prefix/src/ogre-v1.12.1/RenderSystems/GLSupport/src/GLX/OgreGLXWindow.cpp (line 257)
[ERROR] [1772290812.146789934] [rviz2]: rviz::RenderSystem: error creating render window: RenderingAPIException: Invalid parentWindowHandle (wrong server or screen) in GLXWindow::create at ./.obj-x86_64-linux-gnu/ogre-v1.12.1-prefix/src/ogre-v1.12.1/RenderSystems/GLSupport/src/GLX/OgreGLXWindow.cpp (line 257)
[ERROR] [1772290812.146810058] [rviz2]: RenderingAPIException: Invalid parentWindowHandle (wrong server or screen) in GLXWindow::create at ./.obj-x86_64-linux-gnu/ogre-v1.12.1-prefix/src/ogre-v1.12.1/RenderSystems/GLSupport/src/GLX/OgreGLXWindow.cpp (line 257)
[ERROR] [1772290812.146820592] [rviz2]: rviz::RenderSystem: error creating render window: RenderingAPIException: Invalid parentWindowHandle (wrong server or screen) in GLXWindow::create at ./.obj-x86_64-linux-gnu/ogre-v1.12.1-prefix/src/ogre-v1.12.1/RenderSystems/GLSupport/src/GLX/OgreGLXWindow.cpp (line 257)
[ERROR] [1772290812.146840024] [rviz2]: RenderingAPIException: Invalid parentWindowHandle (wrong server or screen) in GLXWindow::create at ./.obj-x86_64-linux-gnu/ogre-v1.12.1-prefix/src/ogre-v1.12.1/RenderSystems/GLSupport/src/GLX/OgreGLXWindow.cpp (line 257)
[ERROR] [1772290812.146850779] [rviz2]: rviz::RenderSystem: error creating render window: RenderingAPIException: Invalid parentWindowHandle (wrong server or screen) in GLXWindow::create at ./.obj-x86_64-linux-gnu/ogre-v1.12.1-prefix/src/ogre-v1.12.1/RenderSystems/GLSupport/src/GLX/OgreGLXWindow.cpp (line 257)
[ERROR] [1772290812.146870791] [rviz2]: RenderingAPIException: Invalid parentWindowHandle (wrong server or screen) in GLXWindow::create at ./.obj-x86_64-linux-gnu/ogre-v1.12.1-prefix/src/ogre-v1.12.1/RenderSystems/GLSupport/src/GLX/OgreGLXWindow.cpp (line 257)
[ERROR] [1772290812.146885589] [rviz2]: rviz::RenderSystem: error creating render window: RenderingAPIException: Invalid parentWindowHandle (wrong server or screen) in GLXWindow::create at ./.obj-x86_64-linux-gnu/ogre-v1.12.1-prefix/src/ogre-v1.12.1/RenderSystems/GLSupport/src/GLX/OgreGLXWindow.cpp (line 257)
[ERROR] [1772290812.146910159] [rviz2]: RenderingAPIException: Invalid parentWindowHandle (wrong server or screen) in GLXWindow::create at ./.obj-x86_64-linux-gnu/ogre-v1.12.1-prefix/src/ogre-v1.12.1/RenderSystems/GLSupport/src/GLX/OgreGLXWindow.cpp (line 257)
[ERROR] [1772290812.146926986] [rviz2]: rviz::RenderSystem: error creating render window: RenderingAPIException: Invalid parentWindowHandle (wrong server or screen) in GLXWindow::create at ./.obj-x86_64-linux-gnu/ogre-v1.12.1-prefix/src/ogre-v1.12.1/RenderSystems/GLSupport/src/GLX/OgreGLXWindow.cpp (line 257)
[ERROR] [1772290812.146964030] [rviz2]: RenderingAPIException: Invalid parentWindowHandle (wrong server or screen) in GLXWindow::create at ./.obj-x86_64-linux-gnu/ogre-v1.12.1-prefix/src/ogre-v1.12.1/RenderSystems/GLSupport/src/GLX/OgreGLXWindow.cpp (line 257)
[ERROR] [1772290812.146977963] [rviz2]: rviz::RenderSystem: error creating render window: RenderingAPIException: Invalid parentWindowHandle (wrong server or screen) in GLXWindow::create at ./.obj-x86_64-linux-gnu/ogre-v1.12.1-prefix/src/ogre-v1.12.1/RenderSystems/GLSupport/src/GLX/OgreGLXWindow.cpp (line 257)
[ERROR] [1772290812.146998743] [rviz2]: RenderingAPIException: Invalid parentWindowHandle (wrong server or screen) in GLXWindow::create at ./.obj-x86_64-linux-gnu/ogre-v1.12.1-prefix/src/ogre-v1.12.1/RenderSystems/GLSupport/src/GLX/OgreGLXWindow.cpp (line 257)
[ERROR] [1772290812.147009651] [rviz2]: rviz::RenderSystem: error creating render window: RenderingAPIException: Invalid parentWindowHandle (wrong server or screen) in GLXWindow::create at ./.obj-x86_64-linux-gnu/ogre-v1.12.1-prefix/src/ogre-v1.12.1/RenderSystems/GLSupport/src/GLX/OgreGLXWindow.cpp (line 257)
[ERROR] [1772290812.147030159] [rviz2]: RenderingAPIException: Invalid parentWindowHandle (wrong server or screen) in GLXWindow::create at ./.obj-x86_64-linux-gnu/ogre-v1.12.1-prefix/src/ogre-v1.12.1/RenderSystems/GLSupport/src/GLX/OgreGLXWindow.cpp (line 257)
[ERROR] [1772290812.147043155] [rviz2]: rviz::RenderSystem: error creating render window: RenderingAPIException: Invalid parentWindowHandle (wrong server or screen) in GLXWindow::create at ./.obj-x86_64-linux-gnu/ogre-v1.12.1-prefix/src/ogre-v1.12.1/RenderSystems/GLSupport/src/GLX/OgreGLXWindow.cpp (line 257)
[ERROR] [1772290812.147064773] [rviz2]: RenderingAPIException: Invalid parentWindowHandle (wrong server or screen) in GLXWindow::create at ./.obj-x86_64-linux-gnu/ogre-v1.12.1-prefix/src/ogre-v1.12.1/RenderSystems/GLSupport/src/GLX/OgreGLXWindow.cpp (line 257)
[ERROR] [1772290812.147076735] [rviz2]: rviz::RenderSystem: error creating render window: RenderingAPIException: Invalid parentWindowHandle (wrong server or screen) in GLXWindow::create at ./.obj-x86_64-linux-gnu/ogre-v1.12.1-prefix/src/ogre-v1.12.1/RenderSystems/GLSupport/src/GLX/OgreGLXWindow.cpp (line 257)
[ERROR] [1772290812.147097263] [rviz2]: RenderingAPIException: Invalid parentWindowHandle (wrong server or screen) in GLXWindow::create at ./.obj-x86_64-linux-gnu/ogre-v1.12.1-prefix/src/ogre-v1.12.1/RenderSystems/GLSupport/src/GLX/OgreGLXWindow.cpp (line 257)
[ERROR] [1772290812.147109776] [rviz2]: rviz::RenderSystem: error creating render window: RenderingAPIException: Invalid parentWindowHandle (wrong server or screen) in GLXWindow::create at ./.obj-x86_64-linux-gnu/ogre-v1.12.1-prefix/src/ogre-v1.12.1/RenderSystems/GLSupport/src/GLX/OgreGLXWindow.cpp (line 257)
[ERROR] [1772290812.147132609] [rviz2]: RenderingAPIException: Invalid parentWindowHandle (wrong server or screen) in GLXWindow::create at ./.obj-x86_64-linux-gnu/ogre-v1.12.1-prefix/src/ogre-v1.12.1/RenderSystems/GLSupport/src/GLX/OgreGLXWindow.cpp (line 257)
[ERROR] [1772290812.147144023] [rviz2]: rviz::RenderSystem: error creating render window: RenderingAPIException: Invalid parentWindowHandle (wrong server or screen) in GLXWindow::create at ./.obj-x86_64-linux-gnu/ogre-v1.12.1-prefix/src/ogre-v1.12.1/RenderSystems/GLSupport/src/GLX/OgreGLXWindow.cpp (line 257)
[ERROR] [1772290812.147164507] [rviz2]: RenderingAPIException: Invalid parentWindowHandle (wrong server or screen) in GLXWindow::create at ./.obj-x86_64-linux-gnu/ogre-v1.12.1-prefix/src/ogre-v1.12.1/RenderSystems/GLSupport/src/GLX/OgreGLXWindow.cpp (line 257)
[ERROR] [1772290812.147177501] [rviz2]: rviz::RenderSystem: error creating render window: RenderingAPIException: Invalid parentWindowHandle (wrong server or screen) in GLXWindow::create at ./.obj-x86_64-linux-gnu/ogre-v1.12.1-prefix/src/ogre-v1.12.1/RenderSystems/GLSupport/src/GLX/OgreGLXWindow.cpp (line 257)
[ERROR] [1772290812.147197916] [rviz2]: RenderingAPIException: Invalid parentWindowHandle (wrong server or screen) in GLXWindow::create at ./.obj-x86_64-linux-gnu/ogre-v1.12.1-prefix/src/ogre-v1.12.1/RenderSystems/GLSupport/src/GLX/OgreGLXWindow.cpp (line 257)
[ERROR] [1772290812.147215706] [rviz2]: rviz::RenderSystem: error creating render window: RenderingAPIException: Invalid parentWindowHandle (wrong server or screen) in GLXWindow::create at ./.obj-x86_64-linux-gnu/ogre-v1.12.1-prefix/src/ogre-v1.12.1/RenderSystems/GLSupport/src/GLX/OgreGLXWindow.cpp (line 257)
[ERROR] [1772290812.147237178] [rviz2]: RenderingAPIException: Invalid parentWindowHandle (wrong server or screen) in GLXWindow::create at ./.obj-x86_64-linux-gnu/ogre-v1.12.1-prefix/src/ogre-v1.12.1/RenderSystems/GLSupport/src/GLX/OgreGLXWindow.cpp (line 257)
[ERROR] [1772290812.147248210] [rviz2]: rviz::RenderSystem: error creating render window: RenderingAPIException: Invalid parentWindowHandle (wrong server or screen) in GLXWindow::create at ./.obj-x86_64-linux-gnu/ogre-v1.12.1-prefix/src/ogre-v1.12.1/RenderSystems/GLSupport/src/GLX/OgreGLXWindow.cpp (line 257)
[ERROR] [1772290812.147269763] [rviz2]: RenderingAPIException: Invalid parentWindowHandle (wrong server or screen) in GLXWindow::create at ./.obj-x86_64-linux-gnu/ogre-v1.12.1-prefix/src/ogre-v1.12.1/RenderSystems/GLSupport/src/GLX/OgreGLXWindow.cpp (line 257)
[ERROR] [1772290812.147282613] [rviz2]: rviz::RenderSystem: error creating render window: RenderingAPIException: Invalid parentWindowHandle (wrong server or screen) in GLXWindow::create at ./.obj-x86_64-linux-gnu/ogre-v1.12.1-prefix/src/ogre-v1.12.1/RenderSystems/GLSupport/src/GLX/OgreGLXWindow.cpp (line 257)
[ERROR] [1772290812.147302373] [rviz2]: RenderingAPIException: Invalid parentWindowHandle (wrong server or screen) in GLXWindow::create at ./.obj-x86_64-linux-gnu/ogre-v1.12.1-prefix/src/ogre-v1.12.1/RenderSystems/GLSupport/src/GLX/OgreGLXWindow.cpp (line 257)
[ERROR] [1772290812.147318225] [rviz2]: rviz::RenderSystem: error creating render window: RenderingAPIException: Invalid parentWindowHandle (wrong server or screen) in GLXWindow::create at ./.obj-x86_64-linux-gnu/ogre-v1.12.1-prefix/src/ogre-v1.12.1/RenderSystems/GLSupport/src/GLX/OgreGLXWindow.cpp (line 257)
[ERROR] [1772290812.147340066] [rviz2]: RenderingAPIException: Invalid parentWindowHandle (wrong server or screen) in GLXWindow::create at ./.obj-x86_64-linux-gnu/ogre-v1.12.1-prefix/src/ogre-v1.12.1/RenderSystems/GLSupport/src/GLX/OgreGLXWindow.cpp (line 257)
[ERROR] [1772290812.147356881] [rviz2]: rviz::RenderSystem: error creating render window: RenderingAPIException: Invalid parentWindowHandle (wrong server or screen) in GLXWindow::create at ./.obj-x86_64-linux-gnu/ogre-v1.12.1-prefix/src/ogre-v1.12.1/RenderSystems/GLSupport/src/GLX/OgreGLXWindow.cpp (line 257)
[ERROR] [1772290812.147380049] [rviz2]: RenderingAPIException: Invalid parentWindowHandle (wrong server or screen) in GLXWindow::create at ./.obj-x86_64-linux-gnu/ogre-v1.12.1-prefix/src/ogre-v1.12.1/RenderSystems/GLSupport/src/GLX/OgreGLXWindow.cpp (line 257)
[ERROR] [1772290812.147392403] [rviz2]: rviz::RenderSystem: error creating render window: RenderingAPIException: Invalid parentWindowHandle (wrong server or screen) in GLXWindow::create at ./.obj-x86_64-linux-gnu/ogre-v1.12.1-prefix/src/ogre-v1.12.1/RenderSystems/GLSupport/src/GLX/OgreGLXWindow.cpp (line 257)
[ERROR] [1772290812.147413623] [rviz2]: RenderingAPIException: Invalid parentWindowHandle (wrong server or screen) in GLXWindow::create at ./.obj-x86_64-linux-gnu/ogre-v1.12.1-prefix/src/ogre-v1.12.1/RenderSystems/GLSupport/src/GLX/OgreGLXWindow.cpp (line 257)
[ERROR] [1772290812.147428295] [rviz2]: rviz::RenderSystem: error creating render window: RenderingAPIException: Invalid parentWindowHandle (wrong server or screen) in GLXWindow::create at ./.obj-x86_64-linux-gnu/ogre-v1.12.1-prefix/src/ogre-v1.12.1/RenderSystems/GLSupport/src/GLX/OgreGLXWindow.cpp (line 257)
[ERROR] [1772290812.147452419] [rviz2]: RenderingAPIException: Invalid parentWindowHandle (wrong server or screen) in GLXWindow::create at ./.obj-x86_64-linux-gnu/ogre-v1.12.1-prefix/src/ogre-v1.12.1/RenderSystems/GLSupport/src/GLX/OgreGLXWindow.cpp (line 257)
[ERROR] [1772290812.147472138] [rviz2]: rviz::RenderSystem: error creating render window: RenderingAPIException: Invalid parentWindowHandle (wrong server or screen) in GLXWindow::create at ./.obj-x86_64-linux-gnu/ogre-v1.12.1-prefix/src/ogre-v1.12.1/RenderSystems/GLSupport/src/GLX/OgreGLXWindow.cpp (line 257)
[ERROR] [1772290812.147495267] [rviz2]: RenderingAPIException: Invalid parentWindowHandle (wrong server or screen) in GLXWindow::create at ./.obj-x86_64-linux-gnu/ogre-v1.12.1-prefix/src/ogre-v1.12.1/RenderSystems/GLSupport/src/GLX/OgreGLXWindow.cpp (line 257)
[ERROR] [1772290812.147508694] [rviz2]: rviz::RenderSystem: error creating render window: RenderingAPIException: Invalid parentWindowHandle (wrong server or screen) in GLXWindow::create at ./.obj-x86_64-linux-gnu/ogre-v1.12.1-prefix/src/ogre-v1.12.1/RenderSystems/GLSupport/src/GLX/OgreGLXWindow.cpp (line 257)
[ERROR] [1772290812.147532348] [rviz2]: RenderingAPIException: Invalid parentWindowHandle (wrong server or screen) in GLXWindow::create at ./.obj-x86_64-linux-gnu/ogre-v1.12.1-prefix/src/ogre-v1.12.1/RenderSystems/GLSupport/src/GLX/OgreGLXWindow.cpp (line 257)
[ERROR] [1772290812.147544601] [rviz2]: rviz::RenderSystem: error creating render window: RenderingAPIException: Invalid parentWindowHandle (wrong server or screen) in GLXWindow::create at ./.obj-x86_64-linux-gnu/ogre-v1.12.1-prefix/src/ogre-v1.12.1/RenderSystems/GLSupport/src/GLX/OgreGLXWindow.cpp (line 257)
[ERROR] [1772290812.147569673] [rviz2]: RenderingAPIException: Invalid parentWindowHandle (wrong server or screen) in GLXWindow::create at ./.obj-x86_64-linux-gnu/ogre-v1.12.1-prefix/src/ogre-v1.12.1/RenderSystems/GLSupport/src/GLX/OgreGLXWindow.cpp (line 257)
[ERROR] [1772290812.147582997] [rviz2]: rviz::RenderSystem: error creating render window: RenderingAPIException: Invalid parentWindowHandle (wrong server or screen) in GLXWindow::create at ./.obj-x86_64-linux-gnu/ogre-v1.12.1-prefix/src/ogre-v1.12.1/RenderSystems/GLSupport/src/GLX/OgreGLXWindow.cpp (line 257)
[ERROR] [1772290812.147606458] [rviz2]: RenderingAPIException: Invalid parentWindowHandle (wrong server or screen) in GLXWindow::create at ./.obj-x86_64-linux-gnu/ogre-v1.12.1-prefix/src/ogre-v1.12.1/RenderSystems/GLSupport/src/GLX/OgreGLXWindow.cpp (line 257)
[ERROR] [1772290812.147618109] [rviz2]: rviz::RenderSystem: error creating render window: RenderingAPIException: Invalid parentWindowHandle (wrong server or screen) in GLXWindow::create at ./.obj-x86_64-linux-gnu/ogre-v1.12.1-prefix/src/ogre-v1.12.1/RenderSystems/GLSupport/src/GLX/OgreGLXWindow.cpp (line 257)
[ERROR] [1772290812.147638816] [rviz2]: RenderingAPIException: Invalid parentWindowHandle (wrong server or screen) in GLXWindow::create at ./.obj-x86_64-linux-gnu/ogre-v1.12.1-prefix/src/ogre-v1.12.1/RenderSystems/GLSupport/src/GLX/OgreGLXWindow.cpp (line 257)
[ERROR] [1772290812.147651154] [rviz2]: rviz::RenderSystem: error creating render window: RenderingAPIException: Invalid parentWindowHandle (wrong server or screen) in GLXWindow::create at ./.obj-x86_64-linux-gnu/ogre-v1.12.1-prefix/src/ogre-v1.12.1/RenderSystems/GLSupport/src/GLX/OgreGLXWindow.cpp (line 257)
[ERROR] [1772290812.147672707] [rviz2]: RenderingAPIException: Invalid parentWindowHandle (wrong server or screen) in GLXWindow::create at ./.obj-x86_64-linux-gnu/ogre-v1.12.1-prefix/src/ogre-v1.12.1/RenderSystems/GLSupport/src/GLX/OgreGLXWindow.cpp (line 257)
[ERROR] [1772290812.147684901] [rviz2]: rviz::RenderSystem: error creating render window: RenderingAPIException: Invalid parentWindowHandle (wrong server or screen) in GLXWindow::create at ./.obj-x86_64-linux-gnu/ogre-v1.12.1-prefix/src/ogre-v1.12.1/RenderSystems/GLSupport/src/GLX/OgreGLXWindow.cpp (line 257)
[ERROR] [1772290812.147708906] [rviz2]: RenderingAPIException: Invalid parentWindowHandle (wrong server or screen) in GLXWindow::create at ./.obj-x86_64-linux-gnu/ogre-v1.12.1-prefix/src/ogre-v1.12.1/RenderSystems/GLSupport/src/GLX/OgreGLXWindow.cpp (line 257)
[ERROR] [1772290812.147726388] [rviz2]: rviz::RenderSystem: error creating render window: RenderingAPIException: Invalid parentWindowHandle (wrong server or screen) in GLXWindow::create at ./.obj-x86_64-linux-gnu/ogre-v1.12.1-prefix/src/ogre-v1.12.1/RenderSystems/GLSupport/src/GLX/OgreGLXWindow.cpp (line 257)
[ERROR] [1772290812.147753940] [rviz2]: RenderingAPIException: Invalid parentWindowHandle (wrong server or screen) in GLXWindow::create at ./.obj-x86_64-linux-gnu/ogre-v1.12.1-prefix/src/ogre-v1.12.1/RenderSystems/GLSupport/src/GLX/OgreGLXWindow.cpp (line 257)
[ERROR] [1772290812.147765523] [rviz2]: rviz::RenderSystem: error creating render window: RenderingAPIException: Invalid parentWindowHandle (wrong server or screen) in GLXWindow::create at ./.obj-x86_64-linux-gnu/ogre-v1.12.1-prefix/src/ogre-v1.12.1/RenderSystems/GLSupport/src/GLX/OgreGLXWindow.cpp (line 257)
[ERROR] [1772290812.147786619] [rviz2]: RenderingAPIException: Invalid parentWindowHandle (wrong server or screen) in GLXWindow::create at ./.obj-x86_64-linux-gnu/ogre-v1.12.1-prefix/src/ogre-v1.12.1/RenderSystems/GLSupport/src/GLX/OgreGLXWindow.cpp (line 257)
[ERROR] [1772290812.147797661] [rviz2]: rviz::RenderSystem: error creating render window: RenderingAPIException: Invalid parentWindowHandle (wrong server or screen) in GLXWindow::create at ./.obj-x86_64-linux-gnu/ogre-v1.12.1-prefix/src/ogre-v1.12.1/RenderSystems/GLSupport/src/GLX/OgreGLXWindow.cpp (line 257)
[ERROR] [1772290812.147817915] [rviz2]: RenderingAPIException: Invalid parentWindowHandle (wrong server or screen) in GLXWindow::create at ./.obj-x86_64-linux-gnu/ogre-v1.12.1-prefix/src/ogre-v1.12.1/RenderSystems/GLSupport/src/GLX/OgreGLXWindow.cpp (line 257)
[ERROR] [1772290812.147829603] [rviz2]: rviz::RenderSystem: error creating render window: RenderingAPIException: Invalid parentWindowHandle (wrong server or screen) in GLXWindow::create at ./.obj-x86_64-linux-gnu/ogre-v1.12.1-prefix/src/ogre-v1.12.1/RenderSystems/GLSupport/src/GLX/OgreGLXWindow.cpp (line 257)
[ERROR] [1772290812.147850457] [rviz2]: RenderingAPIException: Invalid parentWindowHandle (wrong server or screen) in GLXWindow::create at ./.obj-x86_64-linux-gnu/ogre-v1.12.1-prefix/src/ogre-v1.12.1/RenderSystems/GLSupport/src/GLX/OgreGLXWindow.cpp (line 257)
[ERROR] [1772290812.147861440] [rviz2]: rviz::RenderSystem: error creating render window: RenderingAPIException: Invalid parentWindowHandle (wrong server or screen) in GLXWindow::create at ./.obj-x86_64-linux-gnu/ogre-v1.12.1-prefix/src/ogre-v1.12.1/RenderSystems/GLSupport/src/GLX/OgreGLXWindow.cpp (line 257)
[ERROR] [1772290812.147884419] [rviz2]: RenderingAPIException: Invalid parentWindowHandle (wrong server or screen) in GLXWindow::create at ./.obj-x86_64-linux-gnu/ogre-v1.12.1-prefix/src/ogre-v1.12.1/RenderSystems/GLSupport/src/GLX/OgreGLXWindow.cpp (line 257)
[ERROR] [1772290812.147896297] [rviz2]: rviz::RenderSystem: error creating render window: RenderingAPIException: Invalid parentWindowHandle (wrong server or screen) in GLXWindow::create at ./.obj-x86_64-linux-gnu/ogre-v1.12.1-prefix/src/ogre-v1.12.1/RenderSystems/GLSupport/src/GLX/OgreGLXWindow.cpp (line 257)
[ERROR] [1772290812.147916758] [rviz2]: RenderingAPIException: Invalid parentWindowHandle (wrong server or screen) in GLXWindow::create at ./.obj-x86_64-linux-gnu/ogre-v1.12.1-prefix/src/ogre-v1.12.1/RenderSystems/GLSupport/src/GLX/OgreGLXWindow.cpp (line 257)
[ERROR] [1772290812.147927970] [rviz2]: rviz::RenderSystem: error creating render window: RenderingAPIException: Invalid parentWindowHandle (wrong server or screen) in GLXWindow::create at ./.obj-x86_64-linux-gnu/ogre-v1.12.1-prefix/src/ogre-v1.12.1/RenderSystems/GLSupport/src/GLX/OgreGLXWindow.cpp (line 257)
[ERROR] [1772290812.147948225] [rviz2]: RenderingAPIException: Invalid parentWindowHandle (wrong server or screen) in GLXWindow::create at ./.obj-x86_64-linux-gnu/ogre-v1.12.1-prefix/src/ogre-v1.12.1/RenderSystems/GLSupport/src/GLX/OgreGLXWindow.cpp (line 257)
[ERROR] [1772290812.147959374] [rviz2]: rviz::RenderSystem: error creating render window: RenderingAPIException: Invalid parentWindowHandle (wrong server or screen) in GLXWindow::create at ./.obj-x86_64-linux-gnu/ogre-v1.12.1-prefix/src/ogre-v1.12.1/RenderSystems/GLSupport/src/GLX/OgreGLXWindow.cpp (line 257)
[ERROR] [1772290812.147982981] [rviz2]: RenderingAPIException: Invalid parentWindowHandle (wrong server or screen) in GLXWindow::create at ./.obj-x86_64-linux-gnu/ogre-v1.12.1-prefix/src/ogre-v1.12.1/RenderSystems/GLSupport/src/GLX/OgreGLXWindow.cpp (line 257)
[ERROR] [1772290812.147994468] [rviz2]: rviz::RenderSystem: error creating render window: RenderingAPIException: Invalid parentWindowHandle (wrong server or screen) in GLXWindow::create at ./.obj-x86_64-linux-gnu/ogre-v1.12.1-prefix/src/ogre-v1.12.1/RenderSystems/GLSupport/src/GLX/OgreGLXWindow.cpp (line 257)
[ERROR] [1772290812.148016644] [rviz2]: RenderingAPIException: Invalid parentWindowHandle (wrong server or screen) in GLXWindow::create at ./.obj-x86_64-linux-gnu/ogre-v1.12.1-prefix/src/ogre-v1.12.1/RenderSystems/GLSupport/src/GLX/OgreGLXWindow.cpp (line 257)
[ERROR] [1772290812.148028114] [rviz2]: rviz::RenderSystem: error creating render window: RenderingAPIException: Invalid parentWindowHandle (wrong server or screen) in GLXWindow::create at ./.obj-x86_64-linux-gnu/ogre-v1.12.1-prefix/src/ogre-v1.12.1/RenderSystems/GLSupport/src/GLX/OgreGLXWindow.cpp (line 257)
[ERROR] [1772290812.148048373] [rviz2]: RenderingAPIException: Invalid parentWindowHandle (wrong server or screen) in GLXWindow::create at ./.obj-x86_64-linux-gnu/ogre-v1.12.1-prefix/src/ogre-v1.12.1/RenderSystems/GLSupport/src/GLX/OgreGLXWindow.cpp (line 257)
[ERROR] [1772290812.148059384] [rviz2]: rviz::RenderSystem: error creating render window: RenderingAPIException: Invalid parentWindowHandle (wrong server or screen) in GLXWindow::create at ./.obj-x86_64-linux-gnu/ogre-v1.12.1-prefix/src/ogre-v1.12.1/RenderSystems/GLSupport/src/GLX/OgreGLXWindow.cpp (line 257)
[ERROR] [1772290812.148079967] [rviz2]: RenderingAPIException: Invalid parentWindowHandle (wrong server or screen) in GLXWindow::create at ./.obj-x86_64-linux-gnu/ogre-v1.12.1-prefix/src/ogre-v1.12.1/RenderSystems/GLSupport/src/GLX/OgreGLXWindow.cpp (line 257)
[ERROR] [1772290812.148091480] [rviz2]: rviz::RenderSystem: error creating render window: RenderingAPIException: Invalid parentWindowHandle (wrong server or screen) in GLXWindow::create at ./.obj-x86_64-linux-gnu/ogre-v1.12.1-prefix/src/ogre-v1.12.1/RenderSystems/GLSupport/src/GLX/OgreGLXWindow.cpp (line 257)
[ERROR] [1772290812.148114256] [rviz2]: RenderingAPIException: Invalid parentWindowHandle (wrong server or screen) in GLXWindow::create at ./.obj-x86_64-linux-gnu/ogre-v1.12.1-prefix/src/ogre-v1.12.1/RenderSystems/GLSupport/src/GLX/OgreGLXWindow.cpp (line 257)
[ERROR] [1772290812.148126800] [rviz2]: rviz::RenderSystem: error creating render window: RenderingAPIException: Invalid parentWindowHandle (wrong server or screen) in GLXWindow::create at ./.obj-x86_64-linux-gnu/ogre-v1.12.1-prefix/src/ogre-v1.12.1/RenderSystems/GLSupport/src/GLX/OgreGLXWindow.cpp (line 257)
[ERROR] [1772290812.148149944] [rviz2]: RenderingAPIException: Invalid parentWindowHandle (wrong server or screen) in GLXWindow::create at ./.obj-x86_64-linux-gnu/ogre-v1.12.1-prefix/src/ogre-v1.12.1/RenderSystems/GLSupport/src/GLX/OgreGLXWindow.cpp (line 257)
[ERROR] [1772290812.148165785] [rviz2]: rviz::RenderSystem: error creating render window: RenderingAPIException: Invalid parentWindowHandle (wrong server or screen) in GLXWindow::create at ./.obj-x86_64-linux-gnu/ogre-v1.12.1-prefix/src/ogre-v1.12.1/RenderSystems/GLSupport/src/GLX/OgreGLXWindow.cpp (line 257)
[ERROR] [1772290812.148188889] [rviz2]: RenderingAPIException: Invalid parentWindowHandle (wrong server or screen) in GLXWindow::create at ./.obj-x86_64-linux-gnu/ogre-v1.12.1-prefix/src/ogre-v1.12.1/RenderSystems/GLSupport/src/GLX/OgreGLXWindow.cpp (line 257)
[ERROR] [1772290812.148200351] [rviz2]: rviz::RenderSystem: error creating render window: RenderingAPIException: Invalid parentWindowHandle (wrong server or screen) in GLXWindow::create at ./.obj-x86_64-linux-gnu/ogre-v1.12.1-prefix/src/ogre-v1.12.1/RenderSystems/GLSupport/src/GLX/OgreGLXWindow.cpp (line 257)
[ERROR] [1772290812.148224402] [rviz2]: RenderingAPIException: Invalid parentWindowHandle (wrong server or screen) in GLXWindow::create at ./.obj-x86_64-linux-gnu/ogre-v1.12.1-prefix/src/ogre-v1.12.1/RenderSystems/GLSupport/src/GLX/OgreGLXWindow.cpp (line 257)
[ERROR] [1772290812.148235815] [rviz2]: rviz::RenderSystem: error creating render window: RenderingAPIException: Invalid parentWindowHandle (wrong server or screen) in GLXWindow::create at ./.obj-x86_64-linux-gnu/ogre-v1.12.1-prefix/src/ogre-v1.12.1/RenderSystems/GLSupport/src/GLX/OgreGLXWindow.cpp (line 257)
[ERROR] [1772290812.148256736] [rviz2]: RenderingAPIException: Invalid parentWindowHandle (wrong server or screen) in GLXWindow::create at ./.obj-x86_64-linux-gnu/ogre-v1.12.1-prefix/src/ogre-v1.12.1/RenderSystems/GLSupport/src/GLX/OgreGLXWindow.cpp (line 257)
[ERROR] [1772290812.148267962] [rviz2]: rviz::RenderSystem: error creating render window: RenderingAPIException: Invalid parentWindowHandle (wrong server or screen) in GLXWindow::create at ./.obj-x86_64-linux-gnu/ogre-v1.12.1-prefix/src/ogre-v1.12.1/RenderSystems/GLSupport/src/GLX/OgreGLXWindow.cpp (line 257)
[ERROR] [1772290812.148291136] [rviz2]: RenderingAPIException: Invalid parentWindowHandle (wrong server or screen) in GLXWindow::create at ./.obj-x86_64-linux-gnu/ogre-v1.12.1-prefix/src/ogre-v1.12.1/RenderSystems/GLSupport/src/GLX/OgreGLXWindow.cpp (line 257)
[ERROR] [1772290812.148301932] [rviz2]: rviz::RenderSystem: error creating render window: RenderingAPIException: Invalid parentWindowHandle (wrong server or screen) in GLXWindow::create at ./.obj-x86_64-linux-gnu/ogre-v1.12.1-prefix/src/ogre-v1.12.1/RenderSystems/GLSupport/src/GLX/OgreGLXWindow.cpp (line 257)
[ERROR] [1772290812.148322694] [rviz2]: RenderingAPIException: Invalid parentWindowHandle (wrong server or screen) in GLXWindow::create at ./.obj-x86_64-linux-gnu/ogre-v1.12.1-prefix/src/ogre-v1.12.1/RenderSystems/GLSupport/src/GLX/OgreGLXWindow.cpp (line 257)
[ERROR] [1772290812.148334757] [rviz2]: rviz::RenderSystem: error creating render window: RenderingAPIException: Invalid parentWindowHandle (wrong server or screen) in GLXWindow::create at ./.obj-x86_64-linux-gnu/ogre-v1.12.1-prefix/src/ogre-v1.12.1/RenderSystems/GLSupport/src/GLX/OgreGLXWindow.cpp (line 257)
[ERROR] [1772290812.148363915] [rviz2]: RenderingAPIException: Invalid parentWindowHandle (wrong server or screen) in GLXWindow::create at ./.obj-x86_64-linux-gnu/ogre-v1.12.1-prefix/src/ogre-v1.12.1/RenderSystems/GLSupport/src/GLX/OgreGLXWindow.cpp (line 257)
[ERROR] [1772290812.148377873] [rviz2]: rviz::RenderSystem: error creating render window: RenderingAPIException: Invalid parentWindowHandle (wrong server or screen) in GLXWindow::create at ./.obj-x86_64-linux-gnu/ogre-v1.12.1-prefix/src/ogre-v1.12.1/RenderSystems/GLSupport/src/GLX/OgreGLXWindow.cpp (line 257)
[ERROR] [1772290812.148403006] [rviz2]: RenderingAPIException: Invalid parentWindowHandle (wrong server or screen) in GLXWindow::create at ./.obj-x86_64-linux-gnu/ogre-v1.12.1-prefix/src/ogre-v1.12.1/RenderSystems/GLSupport/src/GLX/OgreGLXWindow.cpp (line 257)
[ERROR] [1772290812.148413307] [rviz2]: rviz::RenderSystem: error creating render window: RenderingAPIException: Invalid parentWindowHandle (wrong server or screen) in GLXWindow::create at ./.obj-x86_64-linux-gnu/ogre-v1.12.1-prefix/src/ogre-v1.12.1/RenderSystems/GLSupport/src/GLX/OgreGLXWindow.cpp (line 257)
[ERROR] [1772290812.148433583] [rviz2]: RenderingAPIException: Invalid parentWindowHandle (wrong server or screen) in GLXWindow::create at ./.obj-x86_64-linux-gnu/ogre-v1.12.1-prefix/src/ogre-v1.12.1/RenderSystems/GLSupport/src/GLX/OgreGLXWindow.cpp (line 257)
[ERROR] [1772290812.148443852] [rviz2]: rviz::RenderSystem: error creating render window: RenderingAPIException: Invalid parentWindowHandle (wrong server or screen) in GLXWindow::create at ./.obj-x86_64-linux-gnu/ogre-v1.12.1-prefix/src/ogre-v1.12.1/RenderSystems/GLSupport/src/GLX/OgreGLXWindow.cpp (line 257)
[ERROR] [1772290812.148465824] [rviz2]: RenderingAPIException: Invalid parentWindowHandle (wrong server or screen) in GLXWindow::create at ./.obj-x86_64-linux-gnu/ogre-v1.12.1-prefix/src/ogre-v1.12.1/RenderSystems/GLSupport/src/GLX/OgreGLXWindow.cpp (line 257)
[ERROR] [1772290812.148475534] [rviz2]: rviz::RenderSystem: error creating render window: RenderingAPIException: Invalid parentWindowHandle (wrong server or screen) in GLXWindow::create at ./.obj-x86_64-linux-gnu/ogre-v1.12.1-prefix/src/ogre-v1.12.1/RenderSystems/GLSupport/src/GLX/OgreGLXWindow.cpp (line 257)
[ERROR] [1772290812.148495194] [rviz2]: RenderingAPIException: Invalid parentWindowHandle (wrong server or screen) in GLXWindow::create at ./.obj-x86_64-linux-gnu/ogre-v1.12.1-prefix/src/ogre-v1.12.1/RenderSystems/GLSupport/src/GLX/OgreGLXWindow.cpp (line 257)
[ERROR] [1772290812.148506605] [rviz2]: rviz::RenderSystem: error creating render window: RenderingAPIException: Invalid parentWindowHandle (wrong server or screen) in GLXWindow::create at ./.obj-x86_64-linux-gnu/ogre-v1.12.1-prefix/src/ogre-v1.12.1/RenderSystems/GLSupport/src/GLX/OgreGLXWindow.cpp (line 257)
[ERROR] [1772290812.148526589] [rviz2]: RenderingAPIException: Invalid parentWindowHandle (wrong server or screen) in GLXWindow::create at ./.obj-x86_64-linux-gnu/ogre-v1.12.1-prefix/src/ogre-v1.12.1/RenderSystems/GLSupport/src/GLX/OgreGLXWindow.cpp (line 257)
[ERROR] [1772290812.148535862] [rviz2]: rviz::RenderSystem: error creating render window: RenderingAPIException: Invalid parentWindowHandle (wrong server or screen) in GLXWindow::create at ./.obj-x86_64-linux-gnu/ogre-v1.12.1-prefix/src/ogre-v1.12.1/RenderSystems/GLSupport/src/GLX/OgreGLXWindow.cpp (line 257)
[ERROR] [1772290812.148555164] [rviz2]: RenderingAPIException: Invalid parentWindowHandle (wrong server or screen) in GLXWindow::create at ./.obj-x86_64-linux-gnu/ogre-v1.12.1-prefix/src/ogre-v1.12.1/RenderSystems/GLSupport/src/GLX/OgreGLXWindow.cpp (line 257)
[ERROR] [1772290812.148565035] [rviz2]: rviz::RenderSystem: error creating render window: RenderingAPIException: Invalid parentWindowHandle (wrong server or screen) in GLXWindow::create at ./.obj-x86_64-linux-gnu/ogre-v1.12.1-prefix/src/ogre-v1.12.1/RenderSystems/GLSupport/src/GLX/OgreGLXWindow.cpp (line 257)
[ERROR] [1772290812.148583460] [rviz2]: RenderingAPIException: Invalid parentWindowHandle (wrong server or screen) in GLXWindow::create at ./.obj-x86_64-linux-gnu/ogre-v1.12.1-prefix/src/ogre-v1.12.1/RenderSystems/GLSupport/src/GLX/OgreGLXWindow.cpp (line 257)
[ERROR] [1772290812.148594488] [rviz2]: rviz::RenderSystem: error creating render window: RenderingAPIException: Invalid parentWindowHandle (wrong server or screen) in GLXWindow::create at ./.obj-x86_64-linux-gnu/ogre-v1.12.1-prefix/src/ogre-v1.12.1/RenderSystems/GLSupport/src/GLX/OgreGLXWindow.cpp (line 257)
[ERROR] [1772290812.148622127] [rviz2]: RenderingAPIException: Invalid parentWindowHandle (wrong server or screen) in GLXWindow::create at ./.obj-x86_64-linux-gnu/ogre-v1.12.1-prefix/src/ogre-v1.12.1/RenderSystems/GLSupport/src/GLX/OgreGLXWindow.cpp (line 257)
[ERROR] [1772290812.148632714] [rviz2]: rviz::RenderSystem: error creating render window: RenderingAPIException: Invalid parentWindowHandle (wrong server or screen) in GLXWindow::create at ./.obj-x86_64-linux-gnu/ogre-v1.12.1-prefix/src/ogre-v1.12.1/RenderSystems/GLSupport/src/GLX/OgreGLXWindow.cpp (line 257)
[ERROR] [1772290812.148651906] [rviz2]: RenderingAPIException: Invalid parentWindowHandle (wrong server or screen) in GLXWindow::create at ./.obj-x86_64-linux-gnu/ogre-v1.12.1-prefix/src/ogre-v1.12.1/RenderSystems/GLSupport/src/GLX/OgreGLXWindow.cpp (line 257)
[ERROR] [1772290812.148664693] [rviz2]: rviz::RenderSystem: error creating render window: RenderingAPIException: Invalid parentWindowHandle (wrong server or screen) in GLXWindow::create at ./.obj-x86_64-linux-gnu/ogre-v1.12.1-prefix/src/ogre-v1.12.1/RenderSystems/GLSupport/src/GLX/OgreGLXWindow.cpp (line 257)
[ERROR] [17