1772296614.1959310 [INFO] [launch]: All log files can be found below /home/telemaque/ros_ws/drone/.ros/log/2026-02-28-17-36-54-194434-telemaque-Aspire-AV14-51-9029
1772296614.1961517 [INFO] [launch]: Default logging verbosity is set to INFO
1772296614.8162739 [INFO] [gz-1]: process started with pid [9065]
1772296619.8240135 [INFO] [gz-2]: process started with pid [9120]
1772296620.1956239 [INFO] [gz-2]: process has finished cleanly [pid 9120]
1772296622.8512716 [INFO] [parameter_bridge-3]: process started with pid [9212]
1772296622.8520889 [INFO] [robot_state_publisher-4]: process started with pid [9214]
1772296622.8524277 [INFO] [robot_state_publisher-5]: process started with pid [9216]
1772296623.8255525 [INFO] [gz-6]: process started with pid [9266]
1772296624.2899549 [INFO] [gz-6]: process has finished cleanly [pid 9266]
1772296624.8262324 [INFO] [xrce_agent_port8888-7]: process started with pid [9285]
1772296624.8266447 [INFO] [xrce_agent_port8889-8]: process started with pid [9287]
1772296624.8269167 [INFO] [px4_d1-9]: process started with pid [9289]
1772296626.8913298 [INFO] [lidar_enricher.py-10]: process started with pid [9480]
1772296626.8954127 [INFO] [lio_sam_imuPreintegration-11]: process started with pid [9482]
1772296626.8960233 [INFO] [lio_sam_imageProjection-12]: process started with pid [9484]
1772296626.8965299 [INFO] [lio_sam_featureExtraction-13]: process started with pid [9486]
1772296626.8971105 [INFO] [lio_sam_mapOptimization-14]: process started with pid [9488]
1772296626.8990088 [INFO] [lidar_enricher.py-15]: process started with pid [9490]
1772296626.9033928 [INFO] [lio_sam_imuPreintegration-16]: process started with pid [9492]
1772296626.9046519 [INFO] [lio_sam_imageProjection-17]: process started with pid [9494]
1772296626.9053023 [INFO] [lio_sam_featureExtraction-18]: process started with pid [9496]
1772296626.9079554 [INFO] [lio_sam_mapOptimization-19]: process started with pid [9498]
1772296626.9133813 [INFO] [gcs_heartbeat-20]: process started with pid [9500]
1772296629.8623741 [INFO] [octomap_server_node-21]: process started with pid [9717]
1772296629.8629589 [INFO] [octomap_server_node-22]: process started with pid [9719]
1772296629.8633883 [INFO] [aruco_detector-23]: process started with pid [9721]
1772296629.8637054 [INFO] [aruco_detector-24]: process started with pid [9723]
1772296629.8655427 [INFO] [px4_d2-25]: process started with pid [9725]
1772296631.8710287 [INFO] [frontier_detector-26]: process started with pid [9968]
1772296631.8717644 [INFO] [frontier_detector-27]: process started with pid [9973]
1772296644.9150310 [INFO] [visual_odom_bridge-28]: process started with pid [10500]
1772296644.9190340 [INFO] [visual_odom_bridge-29]: process started with pid [10502]
1772296644.9195457 [INFO] [offboard_controller-30]: process started with pid [10504]
1772296644.9202802 [INFO] [offboard_controller-31]: process started with pid [10506]
1772296647.8621399 [INFO] [exploration_planner-32]: process started with pid [10644]
1772296647.8629801 [INFO] [exploration_planner-33]: process started with pid [10646]
1772296647.8634207 [INFO] [drone_coordinator-34]: process started with pid [10648]
1772296647.8637650 [INFO] [poi_manager-35]: process started with pid [10650]
