1772290811.4466281 [INFO] [launch]: All log files can be found below /home/telemaque/ros_ws/drone/.ros/log/2026-02-28-16-00-11-445938-telemaque-Aspire-AV14-51-69431
1772290811.4467177 [INFO] [launch]: Default logging verbosity is set to INFO
1772290811.7329698 [INFO] [gz-1]: process started with pid [69469]
1772290811.7331538 [INFO] [rviz2-2]: process started with pid [69471]
1772290813.2462068 [ERROR] [rviz2-2]: process has died [pid 69471, exit code -6, cmd '/opt/ros/humble/lib/rviz2/rviz2 -d /home/telemaque/ros_ws/drone/install/drone_bringup/share/drone_bringup/rviz/multi_drone.rviz --ros-args -r __node:=rviz2'].
1772290816.7376444 [INFO] [gz-3]: process started with pid [69551]
1772290817.0288761 [INFO] [gz-3]: process has finished cleanly [pid 69551]
1772290819.7445083 [INFO] [parameter_bridge-4]: process started with pid [69654]
1772290819.7447515 [INFO] [robot_state_publisher-5]: process started with pid [69656]
1772290819.7448211 [INFO] [robot_state_publisher-6]: process started with pid [69658]
1772290820.7366829 [INFO] [gz-7]: process started with pid [69676]
1772290821.0348010 [INFO] [gz-7]: process has finished cleanly [pid 69676]
1772290821.7439206 [INFO] [xrce_agent_port8888-8]: process started with pid [69708]
1772290821.7444377 [INFO] [xrce_agent_port8889-9]: process started with pid [69710]
1772290821.7447896 [INFO] [px4_d1-10]: process started with pid [69712]
1772290821.7451034 [INFO] [gcs_heartbeat-11]: process started with pid [69714]
1772290821.7584019 [INFO] [xrce_agent_port8888-8]: process has finished cleanly [pid 69708]
1772290821.7590196 [INFO] [xrce_agent_port8889-9]: process has finished cleanly [pid 69710]
1772290826.7468417 [INFO] [px4_d2-12]: process started with pid [69767]
1772290826.7494764 [ERROR] [px4_d1-10]: process has died [pid 69712, exit code 255, cmd 'bash /home/telemaque/ros_ws/drone/install/drone_bringup/lib/drone_bringup/launch_px4_instance.sh 0 x500_d1 d1'].
1772290831.7546442 [ERROR] [px4_d2-12]: process has died [pid 69767, exit code 255, cmd 'bash /home/telemaque/ros_ws/drone/install/drone_bringup/lib/drone_bringup/launch_px4_instance.sh 1 x500_d2 d2'].
1772290841.7486699 [INFO] [offboard_controller-13]: process started with pid [69873]
1772290841.7489166 [INFO] [offboard_controller-14]: process started with pid [69875]
1772290867.8475411 [INFO] [gz-1]: process has finished cleanly [pid 69469]
1772290887.0762763 [ERROR] [offboard_controller-14]: process has died [pid 69875, exit code 1, cmd '/home/telemaque/ros_ws/drone/install/px4_offboard/lib/px4_offboard/offboard_controller --ros-args -r __node:=offboard_controller_d2 --params-file /tmp/launch_params_8dkljnmd'].
1772290887.0789437 [ERROR] [offboard_controller-13]: process has died [pid 69873, exit code 1, cmd '/home/telemaque/ros_ws/drone/install/px4_offboard/lib/px4_offboard/offboard_controller --ros-args -r __node:=offboard_controller_d1 --params-file /tmp/launch_params_bq7l4sdz'].
1772291018.5037305 [ERROR] [gcs_heartbeat-11]: process has died [pid 69714, exit code -15, cmd 'python3 /home/telemaque/ros_ws/drone/install/drone_bringup/lib/drone_bringup/gcs_heartbeat.py 2'].
